Start testing: Feb 06 18:52 UTC
----------------------------------------------------------
1/8 Testing: copyright
1/8 Test: copyright
Command: "/usr/bin/python3" "-u" "/opt/ros/humble/share/ament_cmake_test/cmake/run_test.py" "/workspace/build/my_vehicle_interface/test_results/my_vehicle_interface/copyright.xunit.xml" "--package-name" "my_vehicle_interface" "--output-file" "/workspace/build/my_vehicle_interface/ament_copyright/copyright.txt" "--command" "/opt/ros/humble/bin/ament_copyright" "--xunit-file" "/workspace/build/my_vehicle_interface/test_results/my_vehicle_interface/copyright.xunit.xml"
Directory: /workspace/src/vehicle/external/my_vehicle_interface
"copyright" start time: Feb 06 18:52 UTC
Output:
----------------------------------------------------------
-- run_test.py: invoking following command in '/workspace/src/vehicle/external/my_vehicle_interface':
 - /opt/ros/humble/bin/ament_copyright --xunit-file /workspace/build/my_vehicle_interface/test_results/my_vehicle_interface/copyright.xunit.xml
No problems found, checked 5 files
-- run_test.py: return code 0
-- run_test.py: verify result file '/workspace/build/my_vehicle_interface/test_results/my_vehicle_interface/copyright.xunit.xml'
<end of output>
Test time =   0.14 sec
----------------------------------------------------------
Test Passed.
"copyright" end time: Feb 06 18:52 UTC
"copyright" time elapsed: 00:00:00
----------------------------------------------------------

2/8 Testing: cppcheck
2/8 Test: cppcheck
Command: "/usr/bin/python3" "-u" "/opt/ros/humble/share/ament_cmake_test/cmake/run_test.py" "/workspace/build/my_vehicle_interface/test_results/my_vehicle_interface/cppcheck.xunit.xml" "--package-name" "my_vehicle_interface" "--output-file" "/workspace/build/my_vehicle_interface/ament_cppcheck/cppcheck.txt" "--command" "/opt/ros/humble/bin/ament_cppcheck" "--xunit-file" "/workspace/build/my_vehicle_interface/test_results/my_vehicle_interface/cppcheck.xunit.xml" "--include_dirs" "/workspace/src/vehicle/external/my_vehicle_interface/include"
Directory: /workspace/src/vehicle/external/my_vehicle_interface
"cppcheck" start time: Feb 06 18:52 UTC
Output:
----------------------------------------------------------
-- run_test.py: invoking following command in '/workspace/src/vehicle/external/my_vehicle_interface':
 - /opt/ros/humble/bin/ament_cppcheck --xunit-file /workspace/build/my_vehicle_interface/test_results/my_vehicle_interface/cppcheck.xunit.xml --include_dirs /workspace/src/vehicle/external/my_vehicle_interface/include
cppcheck 2.7 has known performance issues and therefore will not be used, set the AMENT_CPPCHECK_ALLOW_SLOW_VERSIONS environment variable to override this.
-- run_test.py: return code 0
-- run_test.py: verify result file '/workspace/build/my_vehicle_interface/test_results/my_vehicle_interface/cppcheck.xunit.xml'
<end of output>
Test time =   0.08 sec
----------------------------------------------------------
Test Passed.
"cppcheck" end time: Feb 06 18:52 UTC
"cppcheck" time elapsed: 00:00:00
----------------------------------------------------------

3/8 Testing: cpplint
3/8 Test: cpplint
Command: "/usr/bin/python3" "-u" "/opt/ros/humble/share/ament_cmake_test/cmake/run_test.py" "/workspace/build/my_vehicle_interface/test_results/my_vehicle_interface/cpplint.xunit.xml" "--package-name" "my_vehicle_interface" "--output-file" "/workspace/build/my_vehicle_interface/ament_cpplint/cpplint.txt" "--command" "/opt/ros/humble/bin/ament_cpplint" "--xunit-file" "/workspace/build/my_vehicle_interface/test_results/my_vehicle_interface/cpplint.xunit.xml"
Directory: /workspace/src/vehicle/external/my_vehicle_interface
"cpplint" start time: Feb 06 18:52 UTC
Output:
----------------------------------------------------------
-- run_test.py: invoking following command in '/workspace/src/vehicle/external/my_vehicle_interface':
 - /opt/ros/humble/bin/ament_cpplint --xunit-file /workspace/build/my_vehicle_interface/test_results/my_vehicle_interface/cpplint.xunit.xml
/workspace/src/vehicle/external/my_vehicle_interface/include/my_vehicle_interface/can_utils.hpp:34:  At least two spaces is best between code and comments  [whitespace/comments] [2]
/workspace/src/vehicle/external/my_vehicle_interface/include/my_vehicle_interface/can_utils.hpp:36:  At least two spaces is best between code and comments  [whitespace/comments] [2]
/workspace/src/vehicle/external/my_vehicle_interface/include/my_vehicle_interface/can_utils.hpp:40:  At least two spaces is best between code and comments  [whitespace/comments] [2]
/workspace/src/vehicle/external/my_vehicle_interface/include/my_vehicle_interface/can_utils.hpp:119:  At least two spaces is best between code and comments  [whitespace/comments] [2]
/workspace/src/vehicle/external/my_vehicle_interface/include/my_vehicle_interface/can_utils.hpp:120:  At least two spaces is best between code and comments  [whitespace/comments] [2]
/workspace/src/vehicle/external/my_vehicle_interface/include/my_vehicle_interface/can_utils.hpp:122:  At least two spaces is best between code and comments  [whitespace/comments] [2]
/workspace/src/vehicle/external/my_vehicle_interface/include/my_vehicle_interface/vehicle_interface_node.hpp:143:  At least two spaces is best between code and comments  [whitespace/comments] [2]
/workspace/src/vehicle/external/my_vehicle_interface/include/my_vehicle_interface/vehicle_interface_node.hpp:145:  At least two spaces is best between code and comments  [whitespace/comments] [2]
/workspace/src/vehicle/external/my_vehicle_interface/src/can_utils.cpp:147:  At least two spaces is best between code and comments  [whitespace/comments] [2]
/workspace/src/vehicle/external/my_vehicle_interface/src/can_utils.cpp:148:  At least two spaces is best between code and comments  [whitespace/comments] [2]
/workspace/src/vehicle/external/my_vehicle_interface/src/vehicle_interface_node.cpp:272:  At least two spaces is best between code and comments  [whitespace/comments] [2]
/workspace/src/vehicle/external/my_vehicle_interface/src/vehicle_interface_node.cpp:319:  At least two spaces is best between code and comments  [whitespace/comments] [2]
Category 'whitespace/comments' errors found: 12
Total errors found: 12
Using '--root=/workspace/src/vehicle/external/my_vehicle_interface/include' argument

Done processing /workspace/src/vehicle/external/my_vehicle_interface/include/my_vehicle_interface/can_utils.hpp

Done processing /workspace/src/vehicle/external/my_vehicle_interface/include/my_vehicle_interface/vehicle_interface_node.hpp

Using '--root=/workspace/src/vehicle/external/my_vehicle_interface/src' argument

Done processing /workspace/src/vehicle/external/my_vehicle_interface/src/can_utils.cpp

Done processing /workspace/src/vehicle/external/my_vehicle_interface/src/main.cpp

Done processing /workspace/src/vehicle/external/my_vehicle_interface/src/vehicle_interface_node.cpp

-- run_test.py: return code 1
-- run_test.py: verify result file '/workspace/build/my_vehicle_interface/test_results/my_vehicle_interface/cpplint.xunit.xml'
<end of output>
Test time =   0.52 sec
----------------------------------------------------------
Test Failed.
"cpplint" end time: Feb 06 18:52 UTC
"cpplint" time elapsed: 00:00:00
----------------------------------------------------------

4/8 Testing: flake8
4/8 Test: flake8
Command: "/usr/bin/python3" "-u" "/opt/ros/humble/share/ament_cmake_test/cmake/run_test.py" "/workspace/build/my_vehicle_interface/test_results/my_vehicle_interface/flake8.xunit.xml" "--package-name" "my_vehicle_interface" "--output-file" "/workspace/build/my_vehicle_interface/ament_flake8/flake8.txt" "--command" "/opt/ros/humble/bin/ament_flake8" "--xunit-file" "/workspace/build/my_vehicle_interface/test_results/my_vehicle_interface/flake8.xunit.xml"
Directory: /workspace/src/vehicle/external/my_vehicle_interface
"flake8" start time: Feb 06 18:52 UTC
Output:
----------------------------------------------------------
-- run_test.py: invoking following command in '/workspace/src/vehicle/external/my_vehicle_interface':
 - /opt/ros/humble/bin/ament_flake8 --xunit-file /workspace/build/my_vehicle_interface/test_results/my_vehicle_interface/flake8.xunit.xml

0 files checked
No problems found

Checked files:

-- run_test.py: return code 0
-- run_test.py: verify result file '/workspace/build/my_vehicle_interface/test_results/my_vehicle_interface/flake8.xunit.xml'
<end of output>
Test time =   0.20 sec
----------------------------------------------------------
Test Passed.
"flake8" end time: Feb 06 18:52 UTC
"flake8" time elapsed: 00:00:00
----------------------------------------------------------

5/8 Testing: lint_cmake
5/8 Test: lint_cmake
Command: "/usr/bin/python3" "-u" "/opt/ros/humble/share/ament_cmake_test/cmake/run_test.py" "/workspace/build/my_vehicle_interface/test_results/my_vehicle_interface/lint_cmake.xunit.xml" "--package-name" "my_vehicle_interface" "--output-file" "/workspace/build/my_vehicle_interface/ament_lint_cmake/lint_cmake.txt" "--command" "/opt/ros/humble/bin/ament_lint_cmake" "--xunit-file" "/workspace/build/my_vehicle_interface/test_results/my_vehicle_interface/lint_cmake.xunit.xml"
Directory: /workspace/src/vehicle/external/my_vehicle_interface
"lint_cmake" start time: Feb 06 18:52 UTC
Output:
----------------------------------------------------------
-- run_test.py: invoking following command in '/workspace/src/vehicle/external/my_vehicle_interface':
 - /opt/ros/humble/bin/ament_lint_cmake --xunit-file /workspace/build/my_vehicle_interface/test_results/my_vehicle_interface/lint_cmake.xunit.xml

No problems found
-- run_test.py: return code 0
-- run_test.py: verify result file '/workspace/build/my_vehicle_interface/test_results/my_vehicle_interface/lint_cmake.xunit.xml'
<end of output>
Test time =   0.07 sec
----------------------------------------------------------
Test Passed.
"lint_cmake" end time: Feb 06 18:52 UTC
"lint_cmake" time elapsed: 00:00:00
----------------------------------------------------------

6/8 Testing: pep257
6/8 Test: pep257
Command: "/usr/bin/python3" "-u" "/opt/ros/humble/share/ament_cmake_test/cmake/run_test.py" "/workspace/build/my_vehicle_interface/test_results/my_vehicle_interface/pep257.xunit.xml" "--package-name" "my_vehicle_interface" "--output-file" "/workspace/build/my_vehicle_interface/ament_pep257/pep257.txt" "--command" "/opt/ros/humble/bin/ament_pep257" "--xunit-file" "/workspace/build/my_vehicle_interface/test_results/my_vehicle_interface/pep257.xunit.xml"
Directory: /workspace/src/vehicle/external/my_vehicle_interface
"pep257" start time: Feb 06 18:52 UTC
Output:
----------------------------------------------------------
-- run_test.py: invoking following command in '/workspace/src/vehicle/external/my_vehicle_interface':
 - /opt/ros/humble/bin/ament_pep257 --xunit-file /workspace/build/my_vehicle_interface/test_results/my_vehicle_interface/pep257.xunit.xml
No problems found
-- run_test.py: return code 0
-- run_test.py: verify result file '/workspace/build/my_vehicle_interface/test_results/my_vehicle_interface/pep257.xunit.xml'
<end of output>
Test time =   0.09 sec
----------------------------------------------------------
Test Passed.
"pep257" end time: Feb 06 18:52 UTC
"pep257" time elapsed: 00:00:00
----------------------------------------------------------

7/8 Testing: uncrustify
7/8 Test: uncrustify
Command: "/usr/bin/python3" "-u" "/opt/ros/humble/share/ament_cmake_test/cmake/run_test.py" "/workspace/build/my_vehicle_interface/test_results/my_vehicle_interface/uncrustify.xunit.xml" "--package-name" "my_vehicle_interface" "--output-file" "/workspace/build/my_vehicle_interface/ament_uncrustify/uncrustify.txt" "--command" "/opt/ros/humble/bin/ament_uncrustify" "--xunit-file" "/workspace/build/my_vehicle_interface/test_results/my_vehicle_interface/uncrustify.xunit.xml"
Directory: /workspace/src/vehicle/external/my_vehicle_interface
"uncrustify" start time: Feb 06 18:52 UTC
Output:
----------------------------------------------------------
-- run_test.py: invoking following command in '/workspace/src/vehicle/external/my_vehicle_interface':
 - /opt/ros/humble/bin/ament_uncrustify --xunit-file /workspace/build/my_vehicle_interface/test_results/my_vehicle_interface/uncrustify.xunit.xml
No code style divergence in file 'include/my_vehicle_interface/can_utils.hpp'

No code style divergence in file 'include/my_vehicle_interface/vehicle_interface_node.hpp'

No code style divergence in file 'src/can_utils.cpp'

No code style divergence in file 'src/main.cpp'

No code style divergence in file 'src/vehicle_interface_node.cpp'

No problems found
-- run_test.py: return code 0
-- run_test.py: verify result file '/workspace/build/my_vehicle_interface/test_results/my_vehicle_interface/uncrustify.xunit.xml'
<end of output>
Test time =   0.08 sec
----------------------------------------------------------
Test Passed.
"uncrustify" end time: Feb 06 18:52 UTC
"uncrustify" time elapsed: 00:00:00
----------------------------------------------------------

8/8 Testing: xmllint
8/8 Test: xmllint
Command: "/usr/bin/python3" "-u" "/opt/ros/humble/share/ament_cmake_test/cmake/run_test.py" "/workspace/build/my_vehicle_interface/test_results/my_vehicle_interface/xmllint.xunit.xml" "--package-name" "my_vehicle_interface" "--output-file" "/workspace/build/my_vehicle_interface/ament_xmllint/xmllint.txt" "--command" "/opt/ros/humble/bin/ament_xmllint" "--xunit-file" "/workspace/build/my_vehicle_interface/test_results/my_vehicle_interface/xmllint.xunit.xml"
Directory: /workspace/src/vehicle/external/my_vehicle_interface
"xmllint" start time: Feb 06 18:52 UTC
Output:
----------------------------------------------------------
-- run_test.py: invoking following command in '/workspace/src/vehicle/external/my_vehicle_interface':
 - /opt/ros/humble/bin/ament_xmllint --xunit-file /workspace/build/my_vehicle_interface/test_results/my_vehicle_interface/xmllint.xunit.xml
File 'package.xml' is valid

File 'launch/vehicle_interface.launch.xml' is valid

No problems found
-- run_test.py: return code 0
-- run_test.py: verify result file '/workspace/build/my_vehicle_interface/test_results/my_vehicle_interface/xmllint.xunit.xml'
<end of output>
Test time =   1.22 sec
----------------------------------------------------------
Test Passed.
"xmllint" end time: Feb 06 18:52 UTC
"xmllint" time elapsed: 00:00:01
----------------------------------------------------------

End testing: Feb 06 18:52 UTC

copyright =   0.14 sec*proc

cppcheck =   0.08 sec*proc

cpplint =   0.52 sec*proc

flake8 =   0.20 sec*proc

lint_cmake =   0.07 sec*proc

linter =   2.39 sec*proc

pep257 =   0.09 sec*proc

uncrustify =   0.08 sec*proc

xmllint =   1.22 sec*proc

