<?xml version="1.0" encoding="UTF-8"?>
<Site BuildName="(empty)"
	BuildStamp="20260206-1742-Experimental"
	Name="docker-desktop"
	Generator="ctest-3.22.1"
	CompilerName="/usr/bin/c++"
	CompilerVersion="11.4.0"
	OSName="Linux"
	Hostname="docker-desktop"
	OSRelease="6.10.14-linuxkit"
	OSVersion="#1 SMP Wed Sep  3 15:35:15 UTC 2025"
	OSPlatform="aarch64"
	Is64Bits="1"
	VendorString=""
	VendorID="Unknown Manufacturer"
	FamilyID="8"
	ModelID="0"
	ProcessorCacheSize="0"
	NumberOfLogicalCPU="8"
	NumberOfPhysicalCPU="1"
	TotalVirtualMemory="1023"
	TotalPhysicalMemory="3919"
	LogicalProcessorsPerPhysical="8"
	ProcessorClockFrequency="0"
	>
	<Testing>
		<StartDateTime>Feb 06 17:42 UTC</StartDateTime>
		<StartTestTime>1770399770</StartTestTime>
		<TestList>
			<Test>./copyright</Test>
			<Test>./cppcheck</Test>
			<Test>./cpplint</Test>
			<Test>./flake8</Test>
			<Test>./lint_cmake</Test>
			<Test>./pep257</Test>
			<Test>./uncrustify</Test>
			<Test>./xmllint</Test>
		</TestList>
		<Test Status="failed">
			<Name>copyright</Name>
			<Path>.</Path>
			<FullName>./copyright</FullName>
			<FullCommandLine>/usr/bin/python3 "-u" "/opt/ros/humble/share/ament_cmake_test/cmake/run_test.py" "/workspace/build/my_vehicle_interface/test_results/my_vehicle_interface/copyright.xunit.xml" "--package-name" "my_vehicle_interface" "--output-file" "/workspace/build/my_vehicle_interface/ament_copyright/copyright.txt" "--command" "/opt/ros/humble/bin/ament_copyright" "--xunit-file" "/workspace/build/my_vehicle_interface/test_results/my_vehicle_interface/copyright.xunit.xml"</FullCommandLine>
			<Results>
				<NamedMeasurement type="text/string" name="Exit Code">
					<Value>Failed</Value>
				</NamedMeasurement>
				<NamedMeasurement type="text/string" name="Exit Value">
					<Value>1</Value>
				</NamedMeasurement>
				<NamedMeasurement type="numeric/double" name="Execution Time">
					<Value>0.271135</Value>
				</NamedMeasurement>
				<NamedMeasurement type="numeric/double" name="Processors">
					<Value>1</Value>
				</NamedMeasurement>
				<NamedMeasurement type="text/string" name="Completion Status">
					<Value>Completed</Value>
				</NamedMeasurement>
				<NamedMeasurement type="text/string" name="Command Line">
					<Value>/usr/bin/python3 "-u" "/opt/ros/humble/share/ament_cmake_test/cmake/run_test.py" "/workspace/build/my_vehicle_interface/test_results/my_vehicle_interface/copyright.xunit.xml" "--package-name" "my_vehicle_interface" "--output-file" "/workspace/build/my_vehicle_interface/ament_copyright/copyright.txt" "--command" "/opt/ros/humble/bin/ament_copyright" "--xunit-file" "/workspace/build/my_vehicle_interface/test_results/my_vehicle_interface/copyright.xunit.xml"</Value>
				</NamedMeasurement>
				<NamedMeasurement type="text/string" name="Environment">
					<Value>#CTEST_RESOURCE_GROUP_COUNT=</Value>
				</NamedMeasurement>
				<Measurement>
					<Value>-- run_test.py: invoking following command in '/workspace/src/vehicle/external/my_vehicle_interface':
 - /opt/ros/humble/bin/ament_copyright --xunit-file /workspace/build/my_vehicle_interface/test_results/my_vehicle_interface/copyright.xunit.xml
include/my_vehicle_interface/can_utils.hpp: copyright=SDC Team (2026), license=&lt;unknown&gt;
include/my_vehicle_interface/vehicle_interface_node.hpp: copyright=SDC Team (2026), license=&lt;unknown&gt;
src/can_utils.cpp: copyright=SDC Team (2026), license=&lt;unknown&gt;
src/main.cpp: copyright=SDC Team (2026), license=&lt;unknown&gt;
src/vehicle_interface_node.cpp: copyright=SDC Team (2026), license=&lt;unknown&gt;
test/test_can_simulation.py: copyright=SDC Team (2026), license=&lt;unknown&gt;
6 errors, checked 6 files
-- run_test.py: return code 1
-- run_test.py: verify result file '/workspace/build/my_vehicle_interface/test_results/my_vehicle_interface/copyright.xunit.xml'
</Value>
				</Measurement>
			</Results>
			<Labels>
				<Label>copyright</Label>
				<Label>linter</Label>
			</Labels>
		</Test>
		<Test Status="passed">
			<Name>cppcheck</Name>
			<Path>.</Path>
			<FullName>./cppcheck</FullName>
			<FullCommandLine>/usr/bin/python3 "-u" "/opt/ros/humble/share/ament_cmake_test/cmake/run_test.py" "/workspace/build/my_vehicle_interface/test_results/my_vehicle_interface/cppcheck.xunit.xml" "--package-name" "my_vehicle_interface" "--output-file" "/workspace/build/my_vehicle_interface/ament_cppcheck/cppcheck.txt" "--command" "/opt/ros/humble/bin/ament_cppcheck" "--xunit-file" "/workspace/build/my_vehicle_interface/test_results/my_vehicle_interface/cppcheck.xunit.xml" "--include_dirs" "/workspace/src/vehicle/external/my_vehicle_interface/include"</FullCommandLine>
			<Results>
				<NamedMeasurement type="numeric/double" name="Execution Time">
					<Value>0.143376</Value>
				</NamedMeasurement>
				<NamedMeasurement type="numeric/double" name="Processors">
					<Value>1</Value>
				</NamedMeasurement>
				<NamedMeasurement type="text/string" name="Completion Status">
					<Value>Completed</Value>
				</NamedMeasurement>
				<NamedMeasurement type="text/string" name="Command Line">
					<Value>/usr/bin/python3 "-u" "/opt/ros/humble/share/ament_cmake_test/cmake/run_test.py" "/workspace/build/my_vehicle_interface/test_results/my_vehicle_interface/cppcheck.xunit.xml" "--package-name" "my_vehicle_interface" "--output-file" "/workspace/build/my_vehicle_interface/ament_cppcheck/cppcheck.txt" "--command" "/opt/ros/humble/bin/ament_cppcheck" "--xunit-file" "/workspace/build/my_vehicle_interface/test_results/my_vehicle_interface/cppcheck.xunit.xml" "--include_dirs" "/workspace/src/vehicle/external/my_vehicle_interface/include"</Value>
				</NamedMeasurement>
				<NamedMeasurement type="text/string" name="Environment">
					<Value>#CTEST_RESOURCE_GROUP_COUNT=</Value>
				</NamedMeasurement>
				<Measurement>
					<Value>-- run_test.py: invoking following command in '/workspace/src/vehicle/external/my_vehicle_interface':
 - /opt/ros/humble/bin/ament_cppcheck --xunit-file /workspace/build/my_vehicle_interface/test_results/my_vehicle_interface/cppcheck.xunit.xml --include_dirs /workspace/src/vehicle/external/my_vehicle_interface/include
cppcheck 2.7 has known performance issues and therefore will not be used, set the AMENT_CPPCHECK_ALLOW_SLOW_VERSIONS environment variable to override this.
-- run_test.py: return code 0
-- run_test.py: verify result file '/workspace/build/my_vehicle_interface/test_results/my_vehicle_interface/cppcheck.xunit.xml'
</Value>
				</Measurement>
			</Results>
			<Labels>
				<Label>cppcheck</Label>
				<Label>linter</Label>
			</Labels>
		</Test>
		<Test Status="failed">
			<Name>cpplint</Name>
			<Path>.</Path>
			<FullName>./cpplint</FullName>
			<FullCommandLine>/usr/bin/python3 "-u" "/opt/ros/humble/share/ament_cmake_test/cmake/run_test.py" "/workspace/build/my_vehicle_interface/test_results/my_vehicle_interface/cpplint.xunit.xml" "--package-name" "my_vehicle_interface" "--output-file" "/workspace/build/my_vehicle_interface/ament_cpplint/cpplint.txt" "--command" "/opt/ros/humble/bin/ament_cpplint" "--xunit-file" "/workspace/build/my_vehicle_interface/test_results/my_vehicle_interface/cpplint.xunit.xml"</FullCommandLine>
			<Results>
				<NamedMeasurement type="text/string" name="Exit Code">
					<Value>Failed</Value>
				</NamedMeasurement>
				<NamedMeasurement type="text/string" name="Exit Value">
					<Value>1</Value>
				</NamedMeasurement>
				<NamedMeasurement type="numeric/double" name="Execution Time">
					<Value>0.770691</Value>
				</NamedMeasurement>
				<NamedMeasurement type="numeric/double" name="Processors">
					<Value>1</Value>
				</NamedMeasurement>
				<NamedMeasurement type="text/string" name="Completion Status">
					<Value>Completed</Value>
				</NamedMeasurement>
				<NamedMeasurement type="text/string" name="Command Line">
					<Value>/usr/bin/python3 "-u" "/opt/ros/humble/share/ament_cmake_test/cmake/run_test.py" "/workspace/build/my_vehicle_interface/test_results/my_vehicle_interface/cpplint.xunit.xml" "--package-name" "my_vehicle_interface" "--output-file" "/workspace/build/my_vehicle_interface/ament_cpplint/cpplint.txt" "--command" "/opt/ros/humble/bin/ament_cpplint" "--xunit-file" "/workspace/build/my_vehicle_interface/test_results/my_vehicle_interface/cpplint.xunit.xml"</Value>
				</NamedMeasurement>
				<NamedMeasurement type="text/string" name="Environment">
					<Value>#CTEST_RESOURCE_GROUP_COUNT=</Value>
				</NamedMeasurement>
				<Measurement>
					<Value>-- run_test.py: invoking following command in '/workspace/src/vehicle/external/my_vehicle_interface':
 - /opt/ros/humble/bin/ament_cpplint --xunit-file /workspace/build/my_vehicle_interface/test_results/my_vehicle_interface/cpplint.xunit.xml
/workspace/src/vehicle/external/my_vehicle_interface/include/my_vehicle_interface/can_utils.hpp:8:  Found C++ system header after other header. Should be: can_utils.h, c system, c++ system, other.  [build/include_order] [4]
/workspace/src/vehicle/external/my_vehicle_interface/include/my_vehicle_interface/can_utils.hpp:9:  Found C++ system header after other header. Should be: can_utils.h, c system, c++ system, other.  [build/include_order] [4]
/workspace/src/vehicle/external/my_vehicle_interface/include/my_vehicle_interface/can_utils.hpp:19:  At least two spaces is best between code and comments  [whitespace/comments] [2]
/workspace/src/vehicle/external/my_vehicle_interface/include/my_vehicle_interface/can_utils.hpp:19:  Missing username in TODO; it should look like "// TODO(my_username): Stuff."  [readability/todo] [2]
/workspace/src/vehicle/external/my_vehicle_interface/include/my_vehicle_interface/can_utils.hpp:20:  Missing username in TODO; it should look like "// TODO(my_username): Stuff."  [readability/todo] [2]
/workspace/src/vehicle/external/my_vehicle_interface/include/my_vehicle_interface/can_utils.hpp:21:  At least two spaces is best between code and comments  [whitespace/comments] [2]
/workspace/src/vehicle/external/my_vehicle_interface/include/my_vehicle_interface/can_utils.hpp:21:  Missing username in TODO; it should look like "// TODO(my_username): Stuff."  [readability/todo] [2]
/workspace/src/vehicle/external/my_vehicle_interface/include/my_vehicle_interface/can_utils.hpp:24:  Missing username in TODO; it should look like "// TODO(my_username): Stuff."  [readability/todo] [2]
/workspace/src/vehicle/external/my_vehicle_interface/include/my_vehicle_interface/can_utils.hpp:25:  At least two spaces is best between code and comments  [whitespace/comments] [2]
/workspace/src/vehicle/external/my_vehicle_interface/include/my_vehicle_interface/can_utils.hpp:25:  Missing username in TODO; it should look like "// TODO(my_username): Stuff."  [readability/todo] [2]
/workspace/src/vehicle/external/my_vehicle_interface/include/my_vehicle_interface/can_utils.hpp:110:  At least two spaces is best between code and comments  [whitespace/comments] [2]
/workspace/src/vehicle/external/my_vehicle_interface/include/my_vehicle_interface/can_utils.hpp:111:  At least two spaces is best between code and comments  [whitespace/comments] [2]
/workspace/src/vehicle/external/my_vehicle_interface/include/my_vehicle_interface/can_utils.hpp:113:  At least two spaces is best between code and comments  [whitespace/comments] [2]
/workspace/src/vehicle/external/my_vehicle_interface/include/my_vehicle_interface/vehicle_interface_node.hpp:27:  Found C++ system header after other header. Should be: vehicle_interface_node.h, c system, c++ system, other.  [build/include_order] [4]
/workspace/src/vehicle/external/my_vehicle_interface/include/my_vehicle_interface/vehicle_interface_node.hpp:132:  At least two spaces is best between code and comments  [whitespace/comments] [2]
/workspace/src/vehicle/external/my_vehicle_interface/include/my_vehicle_interface/vehicle_interface_node.hpp:134:  At least two spaces is best between code and comments  [whitespace/comments] [2]
/workspace/src/vehicle/external/my_vehicle_interface/src/can_utils.cpp:30:  Missing username in TODO; it should look like "// TODO(my_username): Stuff."  [readability/todo] [2]
/workspace/src/vehicle/external/my_vehicle_interface/src/can_utils.cpp:58:  Missing username in TODO; it should look like "// TODO(my_username): Stuff."  [readability/todo] [2]
/workspace/src/vehicle/external/my_vehicle_interface/src/can_utils.cpp:85:  Missing username in TODO; it should look like "// TODO(my_username): Stuff."  [readability/todo] [2]
/workspace/src/vehicle/external/my_vehicle_interface/src/can_utils.cpp:106:  Missing username in TODO; it should look like "// TODO(my_username): Stuff."  [readability/todo] [2]
/workspace/src/vehicle/external/my_vehicle_interface/src/can_utils.cpp:121:  Missing username in TODO; it should look like "// TODO(my_username): Stuff."  [readability/todo] [2]
/workspace/src/vehicle/external/my_vehicle_interface/src/can_utils.cpp:134:  At least two spaces is best between code and comments  [whitespace/comments] [2]
/workspace/src/vehicle/external/my_vehicle_interface/src/can_utils.cpp:135:  At least two spaces is best between code and comments  [whitespace/comments] [2]
/workspace/src/vehicle/external/my_vehicle_interface/src/main.cpp:6:  Found C++ system header after other header. Should be: main.h, c system, c++ system, other.  [build/include_order] [4]
/workspace/src/vehicle/external/my_vehicle_interface/src/vehicle_interface_node.cpp:214:  Missing username in TODO; it should look like "// TODO(my_username): Stuff."  [readability/todo] [2]
/workspace/src/vehicle/external/my_vehicle_interface/src/vehicle_interface_node.cpp:220:  Missing username in TODO; it should look like "// TODO(my_username): Stuff."  [readability/todo] [2]
/workspace/src/vehicle/external/my_vehicle_interface/src/vehicle_interface_node.cpp:244:  At least two spaces is best between code and comments  [whitespace/comments] [2]
/workspace/src/vehicle/external/my_vehicle_interface/src/vehicle_interface_node.cpp:291:  At least two spaces is best between code and comments  [whitespace/comments] [2]
Category 'build/include_order' errors found: 4
Category 'readability/todo' errors found: 12
Category 'whitespace/comments' errors found: 12
Total errors found: 28
Using '--root=/workspace/src/vehicle/external/my_vehicle_interface/include' argument

Done processing /workspace/src/vehicle/external/my_vehicle_interface/include/my_vehicle_interface/can_utils.hpp

Done processing /workspace/src/vehicle/external/my_vehicle_interface/include/my_vehicle_interface/vehicle_interface_node.hpp

Using '--root=/workspace/src/vehicle/external/my_vehicle_interface/src' argument

Done processing /workspace/src/vehicle/external/my_vehicle_interface/src/can_utils.cpp

Done processing /workspace/src/vehicle/external/my_vehicle_interface/src/main.cpp

Done processing /workspace/src/vehicle/external/my_vehicle_interface/src/vehicle_interface_node.cpp

-- run_test.py: return code 1
-- run_test.py: verify result file '/workspace/build/my_vehicle_interface/test_results/my_vehicle_interface/cpplint.xunit.xml'
</Value>
				</Measurement>
			</Results>
			<Labels>
				<Label>cpplint</Label>
				<Label>linter</Label>
			</Labels>
		</Test>
		<Test Status="failed">
			<Name>flake8</Name>
			<Path>.</Path>
			<FullName>./flake8</FullName>
			<FullCommandLine>/usr/bin/python3 "-u" "/opt/ros/humble/share/ament_cmake_test/cmake/run_test.py" "/workspace/build/my_vehicle_interface/test_results/my_vehicle_interface/flake8.xunit.xml" "--package-name" "my_vehicle_interface" "--output-file" "/workspace/build/my_vehicle_interface/ament_flake8/flake8.txt" "--command" "/opt/ros/humble/bin/ament_flake8" "--xunit-file" "/workspace/build/my_vehicle_interface/test_results/my_vehicle_interface/flake8.xunit.xml"</FullCommandLine>
			<Results>
				<NamedMeasurement type="text/string" name="Exit Code">
					<Value>Failed</Value>
				</NamedMeasurement>
				<NamedMeasurement type="text/string" name="Exit Value">
					<Value>1</Value>
				</NamedMeasurement>
				<NamedMeasurement type="numeric/double" name="Execution Time">
					<Value>0.39406</Value>
				</NamedMeasurement>
				<NamedMeasurement type="numeric/double" name="Processors">
					<Value>1</Value>
				</NamedMeasurement>
				<NamedMeasurement type="text/string" name="Completion Status">
					<Value>Completed</Value>
				</NamedMeasurement>
				<NamedMeasurement type="text/string" name="Command Line">
					<Value>/usr/bin/python3 "-u" "/opt/ros/humble/share/ament_cmake_test/cmake/run_test.py" "/workspace/build/my_vehicle_interface/test_results/my_vehicle_interface/flake8.xunit.xml" "--package-name" "my_vehicle_interface" "--output-file" "/workspace/build/my_vehicle_interface/ament_flake8/flake8.txt" "--command" "/opt/ros/humble/bin/ament_flake8" "--xunit-file" "/workspace/build/my_vehicle_interface/test_results/my_vehicle_interface/flake8.xunit.xml"</Value>
				</NamedMeasurement>
				<NamedMeasurement type="text/string" name="Environment">
					<Value>#CTEST_RESOURCE_GROUP_COUNT=</Value>
				</NamedMeasurement>
				<Measurement>
					<Value>-- run_test.py: invoking following command in '/workspace/src/vehicle/external/my_vehicle_interface':
 - /opt/ros/humble/bin/ament_flake8 --xunit-file /workspace/build/my_vehicle_interface/test_results/my_vehicle_interface/flake8.xunit.xml
"""
SDC 2026 Kart CAN Simulator

This script simulates the kart's CAN responses for testing without real hardware.
It can be used with virtual CAN (vcan) on Linux to test the vehicle interface.

Usage:
  1. Set up virtual CAN:
     sudo modprobe vcan
     sudo ip link add dev vcan0 type vcan
     sudo ip link set up vcan0
  
  2. Run ros2_socketcan with vcan0:
     ros2 launch ros2_socketcan socket_can_bridge.launch.xml interface:=vcan0
  
  3. Run this simulator:
     python3 test_can_simulation.py
  
  4. Run your vehicle interface:
     ros2 launch my_vehicle_interface vehicle_interface.launch.xml
"""
^
"""
SDC 2026 Kart CAN Simulator

This script simulates the kart's CAN responses for testing without real hardware.
It can be used with virtual CAN (vcan) on Linux to test the vehicle interface.

Usage:
  1. Set up virtual CAN:
     sudo modprobe vcan
     sudo ip link add dev vcan0 type vcan
     sudo ip link set up vcan0
  
  2. Run ros2_socketcan with vcan0:
     ros2 launch ros2_socketcan socket_can_bridge.launch.xml interface:=vcan0
  
  3. Run this simulator:
     python3 test_can_simulation.py
  
  4. Run your vehicle interface:
     ros2 launch my_vehicle_interface vehicle_interface.launch.xml
"""
^
"""
SDC 2026 Kart CAN Simulator

This script simulates the kart's CAN responses for testing without real hardware.
It can be used with virtual CAN (vcan) on Linux to test the vehicle interface.

Usage:
  1. Set up virtual CAN:
     sudo modprobe vcan
     sudo ip link add dev vcan0 type vcan
     sudo ip link set up vcan0
  
  2. Run ros2_socketcan with vcan0:
     ros2 launch ros2_socketcan socket_can_bridge.launch.xml interface:=vcan0
  
  3. Run this simulator:
     python3 test_can_simulation.py
  
  4. Run your vehicle interface:
     ros2 launch my_vehicle_interface vehicle_interface.launch.xml
"""
^
"""
SDC 2026 Kart CAN Simulator

This script simulates the kart's CAN responses for testing without real hardware.
It can be used with virtual CAN (vcan) on Linux to test the vehicle interface.

Usage:
  1. Set up virtual CAN:
     sudo modprobe vcan
     sudo ip link add dev vcan0 type vcan
     sudo ip link set up vcan0
  
  2. Run ros2_socketcan with vcan0:
     ros2 launch ros2_socketcan socket_can_bridge.launch.xml interface:=vcan0
  
  3. Run this simulator:
     python3 test_can_simulation.py
  
  4. Run your vehicle interface:
     ros2 launch my_vehicle_interface vehicle_interface.launch.xml
"""
^
import struct
^
import argparse
^
    print("Error: python-can not installed. Install with: pip install python-can")
          ^
    def __init__(self, interface: str = "vcan0"):
^
    def __init__(self, interface: str = "vcan0"):
                                        ^
        
^
        
^
        
^
        print(f"Kart Simulator started on {interface}")
              ^
        print(f"  Speed sensor CAN ID: 0x{self.SPEED_SENSOR_ID:X}")
              ^
        print(f"  Steering feedback CAN ID: 0x{self.STEERING_FEEDBACK_ID:X}")
              ^
    
^
        print(f"Sent speed: {speed_hmh} hm/h ({speed_hmh * 0.0278:.2f} m/s)")
              ^
    
^
        print(f"Sent steering: {steering_deg:.1f} deg")
              ^
    
^
        
^
                print(f"Received steering command: {steering_deg:.1f} deg")
                      ^
                print(f"Received brake command: {brake_percent}%")
                      ^
                print(f"Received throttle command: {throttle_percent}%")
                      ^
    
^
        print("\nSimulator running. Press Ctrl+C to stop.")
              ^
        print("Sending periodic speed and steering feedback...")
              ^
        
^
        
^
                
^
                
^
                
^
            print("\nSimulator stopped.")
                  ^
    parser = argparse.ArgumentParser(description="SDC 2026 Kart CAN Simulator")
                                                 ^
        "--interface", "-i",
        ^
        "--interface", "-i",
                       ^
        default="vcan0",
                ^
        help="CAN interface (default: vcan0)"
             ^
        "--rate", "-r",
        ^
        "--rate", "-r",
                  ^
        help="Update rate in Hz (default: 50)"
             ^
    
^
if __name__ == "__main__":
               ^
1     CNL100 Class definition does not have a new line.
1     D400 First line should end with a period
2     I100 Import statements are in the wrong order. 'import struct' should be before 'import time'
22    Q000 Double quotes found but single quotes preferred
17    W293 blank line contains whitespace

./test/test_can_simulation.py:4:1: D400 First line should end with a period

./test/test_can_simulation.py:15:1: W293 blank line contains whitespace

./test/test_can_simulation.py:18:1: W293 blank line contains whitespace

./test/test_can_simulation.py:21:1: W293 blank line contains whitespace

./test/test_can_simulation.py:27:1: I100 Import statements are in the wrong order. 'import struct' should be before 'import time'

./test/test_can_simulation.py:28:1: I100 Import statements are in the wrong order. 'import argparse' should be before 'import struct'

./test/test_can_simulation.py:33:11: Q000 Double quotes found but single quotes preferred

./test/test_can_simulation.py:38:1: CNL100 Class definition does not have a new line.

./test/test_can_simulation.py:38:41: Q000 Double quotes found but single quotes preferred

./test/test_can_simulation.py:40:1: W293 blank line contains whitespace

./test/test_can_simulation.py:44:1: W293 blank line contains whitespace

./test/test_can_simulation.py:48:1: W293 blank line contains whitespace

./test/test_can_simulation.py:49:15: Q000 Double quotes found but single quotes preferred

./test/test_can_simulation.py:50:15: Q000 Double quotes found but single quotes preferred

./test/test_can_simulation.py:51:15: Q000 Double quotes found but single quotes preferred

./test/test_can_simulation.py:52:1: W293 blank line contains whitespace

./test/test_can_simulation.py:59:15: Q000 Double quotes found but single quotes preferred

./test/test_can_simulation.py:60:1: W293 blank line contains whitespace

./test/test_can_simulation.py:68:15: Q000 Double quotes found but single quotes preferred

./test/test_can_simulation.py:69:1: W293 blank line contains whitespace

./test/test_can_simulation.py:75:1: W293 blank line contains whitespace

./test/test_can_simulation.py:82:23: Q000 Double quotes found but single quotes preferred

./test/test_can_simulation.py:85:23: Q000 Double quotes found but single quotes preferred

./test/test_can_simulation.py:88:23: Q000 Double quotes found but single quotes preferred

./test/test_can_simulation.py:94:1: W293 blank line contains whitespace

./test/test_can_simulation.py:97:15: Q000 Double quotes found but single quotes preferred

./test/test_can_simulation.py:98:15: Q000 Double quotes found but single quotes preferred

./test/test_can_simulation.py:99:1: W293 blank line contains whitespace

./test/test_can_simulation.py:102:1: W293 blank line contains whitespace

./test/test_can_simulation.py:107:1: W293 blank line contains whitespace

./test/test_can_simulation.py:112:1: W293 blank line contains whitespace

./test/test_can_simulation.py:115:1: W293 blank line contains whitespace

./test/test_can_simulation.py:117:19: Q000 Double quotes found but single quotes preferred

./test/test_can_simulation.py:123:50: Q000 Double quotes found but single quotes preferred

./test/test_can_simulation.py:125:9: Q000 Double quotes found but single quotes preferred

./test/test_can_simulation.py:125:24: Q000 Double quotes found but single quotes preferred

./test/test_can_simulation.py:126:17: Q000 Double quotes found but single quotes preferred

./test/test_can_simulation.py:127:14: Q000 Double quotes found but single quotes preferred

./test/test_can_simulation.py:130:9: Q000 Double quotes found but single quotes preferred

./test/test_can_simulation.py:130:19: Q000 Double quotes found but single quotes preferred

./test/test_can_simulation.py:133:14: Q000 Double quotes found but single quotes preferred

./test/test_can_simulation.py:136:1: W293 blank line contains whitespace

./test/test_can_simulation.py:141:16: Q000 Double quotes found but single quotes preferred


1 files checked
43 errors

'C'-type errors: 1
'D'-type errors: 1
'I'-type errors: 2
'Q'-type errors: 22
'W'-type errors: 17

Checked files:

* ./test/test_can_simulation.py
-- run_test.py: return code 1
-- run_test.py: verify result file '/workspace/build/my_vehicle_interface/test_results/my_vehicle_interface/flake8.xunit.xml'
</Value>
				</Measurement>
			</Results>
			<Labels>
				<Label>flake8</Label>
				<Label>linter</Label>
			</Labels>
		</Test>
		<Test Status="passed">
			<Name>lint_cmake</Name>
			<Path>.</Path>
			<FullName>./lint_cmake</FullName>
			<FullCommandLine>/usr/bin/python3 "-u" "/opt/ros/humble/share/ament_cmake_test/cmake/run_test.py" "/workspace/build/my_vehicle_interface/test_results/my_vehicle_interface/lint_cmake.xunit.xml" "--package-name" "my_vehicle_interface" "--output-file" "/workspace/build/my_vehicle_interface/ament_lint_cmake/lint_cmake.txt" "--command" "/opt/ros/humble/bin/ament_lint_cmake" "--xunit-file" "/workspace/build/my_vehicle_interface/test_results/my_vehicle_interface/lint_cmake.xunit.xml"</FullCommandLine>
			<Results>
				<NamedMeasurement type="numeric/double" name="Execution Time">
					<Value>0.117161</Value>
				</NamedMeasurement>
				<NamedMeasurement type="numeric/double" name="Processors">
					<Value>1</Value>
				</NamedMeasurement>
				<NamedMeasurement type="text/string" name="Completion Status">
					<Value>Completed</Value>
				</NamedMeasurement>
				<NamedMeasurement type="text/string" name="Command Line">
					<Value>/usr/bin/python3 "-u" "/opt/ros/humble/share/ament_cmake_test/cmake/run_test.py" "/workspace/build/my_vehicle_interface/test_results/my_vehicle_interface/lint_cmake.xunit.xml" "--package-name" "my_vehicle_interface" "--output-file" "/workspace/build/my_vehicle_interface/ament_lint_cmake/lint_cmake.txt" "--command" "/opt/ros/humble/bin/ament_lint_cmake" "--xunit-file" "/workspace/build/my_vehicle_interface/test_results/my_vehicle_interface/lint_cmake.xunit.xml"</Value>
				</NamedMeasurement>
				<NamedMeasurement type="text/string" name="Environment">
					<Value>#CTEST_RESOURCE_GROUP_COUNT=</Value>
				</NamedMeasurement>
				<Measurement>
					<Value>-- run_test.py: invoking following command in '/workspace/src/vehicle/external/my_vehicle_interface':
 - /opt/ros/humble/bin/ament_lint_cmake --xunit-file /workspace/build/my_vehicle_interface/test_results/my_vehicle_interface/lint_cmake.xunit.xml

No problems found
-- run_test.py: return code 0
-- run_test.py: verify result file '/workspace/build/my_vehicle_interface/test_results/my_vehicle_interface/lint_cmake.xunit.xml'
</Value>
				</Measurement>
			</Results>
			<Labels>
				<Label>lint_cmake</Label>
				<Label>linter</Label>
			</Labels>
		</Test>
		<Test Status="failed">
			<Name>pep257</Name>
			<Path>.</Path>
			<FullName>./pep257</FullName>
			<FullCommandLine>/usr/bin/python3 "-u" "/opt/ros/humble/share/ament_cmake_test/cmake/run_test.py" "/workspace/build/my_vehicle_interface/test_results/my_vehicle_interface/pep257.xunit.xml" "--package-name" "my_vehicle_interface" "--output-file" "/workspace/build/my_vehicle_interface/ament_pep257/pep257.txt" "--command" "/opt/ros/humble/bin/ament_pep257" "--xunit-file" "/workspace/build/my_vehicle_interface/test_results/my_vehicle_interface/pep257.xunit.xml"</FullCommandLine>
			<Results>
				<NamedMeasurement type="text/string" name="Exit Code">
					<Value>Failed</Value>
				</NamedMeasurement>
				<NamedMeasurement type="text/string" name="Exit Value">
					<Value>1</Value>
				</NamedMeasurement>
				<NamedMeasurement type="numeric/double" name="Execution Time">
					<Value>0.168437</Value>
				</NamedMeasurement>
				<NamedMeasurement type="numeric/double" name="Processors">
					<Value>1</Value>
				</NamedMeasurement>
				<NamedMeasurement type="text/string" name="Completion Status">
					<Value>Completed</Value>
				</NamedMeasurement>
				<NamedMeasurement type="text/string" name="Command Line">
					<Value>/usr/bin/python3 "-u" "/opt/ros/humble/share/ament_cmake_test/cmake/run_test.py" "/workspace/build/my_vehicle_interface/test_results/my_vehicle_interface/pep257.xunit.xml" "--package-name" "my_vehicle_interface" "--output-file" "/workspace/build/my_vehicle_interface/ament_pep257/pep257.txt" "--command" "/opt/ros/humble/bin/ament_pep257" "--xunit-file" "/workspace/build/my_vehicle_interface/test_results/my_vehicle_interface/pep257.xunit.xml"</Value>
				</NamedMeasurement>
				<NamedMeasurement type="text/string" name="Environment">
					<Value>#CTEST_RESOURCE_GROUP_COUNT=</Value>
				</NamedMeasurement>
				<Measurement>
					<Value>-- run_test.py: invoking following command in '/workspace/src/vehicle/external/my_vehicle_interface':
 - /opt/ros/humble/bin/ament_pep257 --xunit-file /workspace/build/my_vehicle_interface/test_results/my_vehicle_interface/pep257.xunit.xml
checking ./test/test_can_simulation.py
./test/test_can_simulation.py:4 at module level: D400: First line should end with a period (not 'r')
./test/test_can_simulation.py:4 at module level: D415: First line should end with a period, question mark, or exclamation point (not 'r')
2 errors
-- run_test.py: return code 1
-- run_test.py: verify result file '/workspace/build/my_vehicle_interface/test_results/my_vehicle_interface/pep257.xunit.xml'
</Value>
				</Measurement>
			</Results>
			<Labels>
				<Label>linter</Label>
				<Label>pep257</Label>
			</Labels>
		</Test>
		<Test Status="failed">
			<Name>uncrustify</Name>
			<Path>.</Path>
			<FullName>./uncrustify</FullName>
			<FullCommandLine>/usr/bin/python3 "-u" "/opt/ros/humble/share/ament_cmake_test/cmake/run_test.py" "/workspace/build/my_vehicle_interface/test_results/my_vehicle_interface/uncrustify.xunit.xml" "--package-name" "my_vehicle_interface" "--output-file" "/workspace/build/my_vehicle_interface/ament_uncrustify/uncrustify.txt" "--command" "/opt/ros/humble/bin/ament_uncrustify" "--xunit-file" "/workspace/build/my_vehicle_interface/test_results/my_vehicle_interface/uncrustify.xunit.xml"</FullCommandLine>
			<Results>
				<NamedMeasurement type="text/string" name="Exit Code">
					<Value>Failed</Value>
				</NamedMeasurement>
				<NamedMeasurement type="text/string" name="Exit Value">
					<Value>1</Value>
				</NamedMeasurement>
				<NamedMeasurement type="numeric/double" name="Execution Time">
					<Value>0.172063</Value>
				</NamedMeasurement>
				<NamedMeasurement type="numeric/double" name="Processors">
					<Value>1</Value>
				</NamedMeasurement>
				<NamedMeasurement type="text/string" name="Completion Status">
					<Value>Completed</Value>
				</NamedMeasurement>
				<NamedMeasurement type="text/string" name="Command Line">
					<Value>/usr/bin/python3 "-u" "/opt/ros/humble/share/ament_cmake_test/cmake/run_test.py" "/workspace/build/my_vehicle_interface/test_results/my_vehicle_interface/uncrustify.xunit.xml" "--package-name" "my_vehicle_interface" "--output-file" "/workspace/build/my_vehicle_interface/ament_uncrustify/uncrustify.txt" "--command" "/opt/ros/humble/bin/ament_uncrustify" "--xunit-file" "/workspace/build/my_vehicle_interface/test_results/my_vehicle_interface/uncrustify.xunit.xml"</Value>
				</NamedMeasurement>
				<NamedMeasurement type="text/string" name="Environment">
					<Value>#CTEST_RESOURCE_GROUP_COUNT=</Value>
				</NamedMeasurement>
				<Measurement>
					<Value>-- run_test.py: invoking following command in '/workspace/src/vehicle/external/my_vehicle_interface':
 - /opt/ros/humble/bin/ament_uncrustify --xunit-file /workspace/build/my_vehicle_interface/test_results/my_vehicle_interface/uncrustify.xunit.xml
Code style divergence in file 'include/my_vehicle_interface/can_utils.hpp':

--- include/my_vehicle_interface/can_utils.hpp
+++ include/my_vehicle_interface/can_utils.hpp.uncrustify
@@ -11,2 +11,4 @@
-namespace my_vehicle_interface {
-namespace can_utils {
+namespace my_vehicle_interface
+{
+namespace can_utils
+{
@@ -17 +19,2 @@
-struct CanIds {
+struct CanIds
+{
@@ -40,2 +43,3 @@
-can_msgs::msg::Frame encodeSteeringCommand(double steering_angle_rad,
-                                           const CanIds &amp;can_ids);
+can_msgs::msg::Frame encodeSteeringCommand(
+  double steering_angle_rad,
+  const CanIds &amp; can_ids);
@@ -51,2 +55,3 @@
-can_msgs::msg::Frame encodeBrakeCommand(double brake_value,
-                                        const CanIds &amp;can_ids);
+can_msgs::msg::Frame encodeBrakeCommand(
+  double brake_value,
+  const CanIds &amp; can_ids);
@@ -62,2 +67,3 @@
-can_msgs::msg::Frame encodeThrottleCommand(double throttle_value,
-                                           const CanIds &amp;can_ids);
+can_msgs::msg::Frame encodeThrottleCommand(
+  double throttle_value,
+  const CanIds &amp; can_ids);
@@ -77 +83 @@
-double decodeSpeedSensor(const can_msgs::msg::Frame &amp;frame);
+double decodeSpeedSensor(const can_msgs::msg::Frame &amp; frame);
@@ -84 +90 @@
-double decodeSteeringFeedback(const can_msgs::msg::Frame &amp;frame);
+double decodeSteeringFeedback(const can_msgs::msg::Frame &amp; frame);
@@ -93 +99 @@
-inline double degToRad(double deg) { return deg * 0.017453292519943295; }
+inline double degToRad(double deg) {return deg * 0.017453292519943295;}
@@ -98 +104 @@
-inline double radToDeg(double rad) { return rad * 57.29577951308232; }
+inline double radToDeg(double rad) {return rad * 57.29577951308232;}
@@ -103 +109 @@
-inline double hmhToMs(double hmh) { return hmh * 0.027777777777777776; }
+inline double hmhToMs(double hmh) {return hmh * 0.027777777777777776;}
@@ -108 +114 @@
-inline double msToHmh(double ms) { return ms * 36.0; }
+inline double msToHmh(double ms) {return ms * 36.0;}

Code style divergence in file 'include/my_vehicle_interface/vehicle_interface_node.hpp':

--- include/my_vehicle_interface/vehicle_interface_node.hpp
+++ include/my_vehicle_interface/vehicle_interface_node.hpp.uncrustify
@@ -29 +29,2 @@
-namespace my_vehicle_interface {
+namespace my_vehicle_interface
+{
@@ -31 +32,2 @@
-class VehicleInterfaceNode : public rclcpp::Node {
+class VehicleInterfaceNode : public rclcpp::Node
+{
@@ -33 +35 @@
-  explicit VehicleInterfaceNode(const rclcpp::NodeOptions &amp;options);
+  explicit VehicleInterfaceNode(const rclcpp::NodeOptions &amp; options);
@@ -44,2 +46,2 @@
-      const autoware_vehicle_msgs::msg::TurnIndicatorsCommand::ConstSharedPtr
-          msg);
+    const autoware_vehicle_msgs::msg::TurnIndicatorsCommand::ConstSharedPtr
+    msg);
@@ -47,2 +49,2 @@
-      const autoware_vehicle_msgs::msg::HazardLightsCommand::ConstSharedPtr
-          msg);
+    const autoware_vehicle_msgs::msg::HazardLightsCommand::ConstSharedPtr
+    msg);
@@ -70 +72 @@
-      control_cmd_sub_;
+    control_cmd_sub_;
@@ -72 +74 @@
-      gear_cmd_sub_;
+    gear_cmd_sub_;
@@ -74 +76 @@
-      SharedPtr turn_indicators_cmd_sub_;
+  SharedPtr turn_indicators_cmd_sub_;
@@ -76 +78 @@
-      SharedPtr hazard_lights_cmd_sub_;
+  SharedPtr hazard_lights_cmd_sub_;
@@ -85 +87 @@
-      velocity_report_pub_;
+    velocity_report_pub_;
@@ -87 +89 @@
-      steering_report_pub_;
+    steering_report_pub_;
@@ -89 +91 @@
-      gear_report_pub_;
+    gear_report_pub_;
@@ -91 +93 @@
-      control_mode_report_pub_;
+    control_mode_report_pub_;
@@ -93 +95 @@
-      turn_indicators_report_pub_;
+    turn_indicators_report_pub_;
@@ -95 +97 @@
-      hazard_lights_report_pub_;
+    hazard_lights_report_pub_;
@@ -111 +113 @@
-      turn_indicators_cmd_ptr_;
+    turn_indicators_cmd_ptr_;
@@ -113 +115 @@
-      hazard_lights_cmd_ptr_;
+    hazard_lights_cmd_ptr_;

Code style divergence in file 'src/can_utils.cpp':

--- src/can_utils.cpp
+++ src/can_utils.cpp.uncrustify
@@ -9,2 +9,4 @@
-namespace my_vehicle_interface {
-namespace can_utils {
+namespace my_vehicle_interface
+{
+namespace can_utils
+{
@@ -16,2 +18,4 @@
-can_msgs::msg::Frame encodeSteeringCommand(double steering_angle_rad,
-                                           const CanIds &amp;can_ids) {
+can_msgs::msg::Frame encodeSteeringCommand(
+  double steering_angle_rad,
+  const CanIds &amp; can_ids)
+{
@@ -47,2 +51,4 @@
-can_msgs::msg::Frame encodeBrakeCommand(double brake_value,
-                                        const CanIds &amp;can_ids) {
+can_msgs::msg::Frame encodeBrakeCommand(
+  double brake_value,
+  const CanIds &amp; can_ids)
+{
@@ -74,2 +80,4 @@
-can_msgs::msg::Frame encodeThrottleCommand(double throttle_value,
-                                           const CanIds &amp;can_ids) {
+can_msgs::msg::Frame encodeThrottleCommand(
+  double throttle_value,
+  const CanIds &amp; can_ids)
+{
@@ -105 +113,2 @@
-double decodeSpeedSensor(const can_msgs::msg::Frame &amp;frame) {
+double decodeSpeedSensor(const can_msgs::msg::Frame &amp; frame)
+{
@@ -111 +120 @@
-                       (static_cast&lt;uint16_t&gt;(frame.data[1]) &lt;&lt; 8);
+    (static_cast&lt;uint16_t&gt;(frame.data[1]) &lt;&lt; 8);
@@ -120 +129,2 @@
-double decodeSteeringFeedback(const can_msgs::msg::Frame &amp;frame) {
+double decodeSteeringFeedback(const can_msgs::msg::Frame &amp; frame)
+{
@@ -126 +136 @@
-                         (static_cast&lt;int16_t&gt;(frame.data[1]) &lt;&lt; 8);
+    (static_cast&lt;int16_t&gt;(frame.data[1]) &lt;&lt; 8);

Code style divergence in file 'src/main.cpp':

--- src/main.cpp
+++ src/main.cpp.uncrustify
@@ -9 +9,2 @@
-int main(int argc, char *argv[]) {
+int main(int argc, char * argv[])
+{
@@ -14 +15 @@
-      std::make_shared&lt;my_vehicle_interface::VehicleInterfaceNode&gt;(options);
+    std::make_shared&lt;my_vehicle_interface::VehicleInterfaceNode&gt;(options);
@@ -16,2 +17,3 @@
-  RCLCPP_INFO(node-&gt;get_logger(),
-              "SDC 2026 Kart Vehicle Interface starting...");
+  RCLCPP_INFO(
+    node-&gt;get_logger(),
+    "SDC 2026 Kart Vehicle Interface starting...");

Code style divergence in file 'src/vehicle_interface_node.cpp':

--- src/vehicle_interface_node.cpp
+++ src/vehicle_interface_node.cpp.uncrustify
@@ -9 +9,2 @@
-namespace my_vehicle_interface {
+namespace my_vehicle_interface
+{
@@ -14,2 +15,3 @@
-VehicleInterfaceNode::VehicleInterfaceNode(const rclcpp::NodeOptions &amp;options)
-    : Node("vehicle_interface_node", options) {
+VehicleInterfaceNode::VehicleInterfaceNode(const rclcpp::NodeOptions &amp; options)
+: Node("vehicle_interface_node", options)
+{
@@ -24 +26 @@
-      static_cast&lt;uint32_t&gt;(this-&gt;declare_parameter("steering_can_id", 0x100));
+    static_cast&lt;uint32_t&gt;(this-&gt;declare_parameter("steering_can_id", 0x100));
@@ -26 +28 @@
-      static_cast&lt;uint32_t&gt;(this-&gt;declare_parameter("brake_can_id", 0x101));
+    static_cast&lt;uint32_t&gt;(this-&gt;declare_parameter("brake_can_id", 0x101));
@@ -28 +30 @@
-      static_cast&lt;uint32_t&gt;(this-&gt;declare_parameter("throttle_can_id", 0x102));
+    static_cast&lt;uint32_t&gt;(this-&gt;declare_parameter("throttle_can_id", 0x102));
@@ -30 +32 @@
-      static_cast&lt;uint32_t&gt;(this-&gt;declare_parameter("speed_can_id", 0x200));
+    static_cast&lt;uint32_t&gt;(this-&gt;declare_parameter("speed_can_id", 0x200));
@@ -32 +34 @@
-      this-&gt;declare_parameter("steering_feedback_can_id", 0x201));
+    this-&gt;declare_parameter("steering_feedback_can_id", 0x201));
@@ -36,8 +38,12 @@
-  RCLCPP_INFO(this-&gt;get_logger(), "  Steering CAN ID: 0x%X",
-              can_ids_.steering_command);
-  RCLCPP_INFO(this-&gt;get_logger(), "  Brake CAN ID: 0x%X",
-              can_ids_.brake_command);
-  RCLCPP_INFO(this-&gt;get_logger(), "  Throttle CAN ID: 0x%X",
-              can_ids_.throttle_command);
-  RCLCPP_INFO(this-&gt;get_logger(), "  Speed sensor CAN ID: 0x%X",
-              can_ids_.speed_sensor);
+  RCLCPP_INFO(
+    this-&gt;get_logger(), "  Steering CAN ID: 0x%X",
+    can_ids_.steering_command);
+  RCLCPP_INFO(
+    this-&gt;get_logger(), "  Brake CAN ID: 0x%X",
+    can_ids_.brake_command);
+  RCLCPP_INFO(
+    this-&gt;get_logger(), "  Throttle CAN ID: 0x%X",
+    can_ids_.throttle_command);
+  RCLCPP_INFO(
+    this-&gt;get_logger(), "  Speed sensor CAN ID: 0x%X",
+    can_ids_.speed_sensor);
@@ -49,3 +55,3 @@
-      this-&gt;create_subscription&lt;autoware_control_msgs::msg::Control&gt;(
-          "/control/command/control_cmd", rclcpp::QoS{1},
-          std::bind(&amp;VehicleInterfaceNode::onControlCmd, this, _1));
+    this-&gt;create_subscription&lt;autoware_control_msgs::msg::Control&gt;(
+    "/control/command/control_cmd", rclcpp::QoS{1},
+    std::bind(&amp;VehicleInterfaceNode::onControlCmd, this, _1));
@@ -54,3 +60,3 @@
-      this-&gt;create_subscription&lt;autoware_vehicle_msgs::msg::GearCommand&gt;(
-          "/control/command/gear_cmd", rclcpp::QoS{1},
-          std::bind(&amp;VehicleInterfaceNode::onGearCmd, this, _1));
+    this-&gt;create_subscription&lt;autoware_vehicle_msgs::msg::GearCommand&gt;(
+    "/control/command/gear_cmd", rclcpp::QoS{1},
+    std::bind(&amp;VehicleInterfaceNode::onGearCmd, this, _1));
@@ -59,3 +65,3 @@
-      autoware_vehicle_msgs::msg::TurnIndicatorsCommand&gt;(
-      "/control/command/turn_indicators_cmd", rclcpp::QoS{1},
-      std::bind(&amp;VehicleInterfaceNode::onTurnIndicatorsCmd, this, _1));
+    autoware_vehicle_msgs::msg::TurnIndicatorsCommand&gt;(
+    "/control/command/turn_indicators_cmd", rclcpp::QoS{1},
+    std::bind(&amp;VehicleInterfaceNode::onTurnIndicatorsCmd, this, _1));
@@ -64,3 +70,3 @@
-      autoware_vehicle_msgs::msg::HazardLightsCommand&gt;(
-      "/control/command/hazard_lights_cmd", rclcpp::QoS{1},
-      std::bind(&amp;VehicleInterfaceNode::onHazardLightsCmd, this, _1));
+    autoware_vehicle_msgs::msg::HazardLightsCommand&gt;(
+    "/control/command/hazard_lights_cmd", rclcpp::QoS{1},
+    std::bind(&amp;VehicleInterfaceNode::onHazardLightsCmd, this, _1));
@@ -70,2 +76,2 @@
-      "/from_can_bus", rclcpp::QoS{100},
-      std::bind(&amp;VehicleInterfaceNode::onCanFrame, this, _1));
+    "/from_can_bus", rclcpp::QoS{100},
+    std::bind(&amp;VehicleInterfaceNode::onCanFrame, this, _1));
@@ -77,2 +83,2 @@
-      this-&gt;create_publisher&lt;autoware_vehicle_msgs::msg::VelocityReport&gt;(
-          "/vehicle/status/velocity_status", rclcpp::QoS{1});
+    this-&gt;create_publisher&lt;autoware_vehicle_msgs::msg::VelocityReport&gt;(
+    "/vehicle/status/velocity_status", rclcpp::QoS{1});
@@ -81,2 +87,2 @@
-      this-&gt;create_publisher&lt;autoware_vehicle_msgs::msg::SteeringReport&gt;(
-          "/vehicle/status/steering_status", rclcpp::QoS{1});
+    this-&gt;create_publisher&lt;autoware_vehicle_msgs::msg::SteeringReport&gt;(
+    "/vehicle/status/steering_status", rclcpp::QoS{1});
@@ -85,2 +91,2 @@
-      this-&gt;create_publisher&lt;autoware_vehicle_msgs::msg::GearReport&gt;(
-          "/vehicle/status/gear_status", rclcpp::QoS{1});
+    this-&gt;create_publisher&lt;autoware_vehicle_msgs::msg::GearReport&gt;(
+    "/vehicle/status/gear_status", rclcpp::QoS{1});
@@ -89,2 +95,2 @@
-      this-&gt;create_publisher&lt;autoware_vehicle_msgs::msg::ControlModeReport&gt;(
-          "/vehicle/status/control_mode", rclcpp::QoS{1});
+    this-&gt;create_publisher&lt;autoware_vehicle_msgs::msg::ControlModeReport&gt;(
+    "/vehicle/status/control_mode", rclcpp::QoS{1});
@@ -93,2 +99,2 @@
-      this-&gt;create_publisher&lt;autoware_vehicle_msgs::msg::TurnIndicatorsReport&gt;(
-          "/vehicle/status/turn_indicators_status", rclcpp::QoS{1});
+    this-&gt;create_publisher&lt;autoware_vehicle_msgs::msg::TurnIndicatorsReport&gt;(
+    "/vehicle/status/turn_indicators_status", rclcpp::QoS{1});
@@ -97,2 +103,2 @@
-      this-&gt;create_publisher&lt;autoware_vehicle_msgs::msg::HazardLightsReport&gt;(
-          "/vehicle/status/hazard_lights_status", rclcpp::QoS{1});
+    this-&gt;create_publisher&lt;autoware_vehicle_msgs::msg::HazardLightsReport&gt;(
+    "/vehicle/status/hazard_lights_status", rclcpp::QoS{1});
@@ -102 +108 @@
-      "/to_can_bus", rclcpp::QoS{100});
+    "/to_can_bus", rclcpp::QoS{100});
@@ -109,2 +115,2 @@
-      std::chrono::duration_cast&lt;std::chrono::nanoseconds&gt;(timer_period),
-      std::bind(&amp;VehicleInterfaceNode::onTimer, this));
+    std::chrono::duration_cast&lt;std::chrono::nanoseconds&gt;(timer_period),
+    std::bind(&amp;VehicleInterfaceNode::onTimer, this));
@@ -114,2 +120,3 @@
-  RCLCPP_INFO(this-&gt;get_logger(),
-              "Vehicle Interface Node initialized successfully!");
+  RCLCPP_INFO(
+    this-&gt;get_logger(),
+    "Vehicle Interface Node initialized successfully!");
@@ -123 +130,2 @@
-    const autoware_control_msgs::msg::Control::ConstSharedPtr msg) {
+  const autoware_control_msgs::msg::Control::ConstSharedPtr msg)
+{
@@ -129 +137,2 @@
-    const autoware_vehicle_msgs::msg::GearCommand::ConstSharedPtr msg) {
+  const autoware_vehicle_msgs::msg::GearCommand::ConstSharedPtr msg)
+{
@@ -134,2 +143,3 @@
-    const autoware_vehicle_msgs::msg::TurnIndicatorsCommand::ConstSharedPtr
-        msg) {
+  const autoware_vehicle_msgs::msg::TurnIndicatorsCommand::ConstSharedPtr
+  msg)
+{
@@ -140 +150,2 @@
-    const autoware_vehicle_msgs::msg::HazardLightsCommand::ConstSharedPtr msg) {
+  const autoware_vehicle_msgs::msg::HazardLightsCommand::ConstSharedPtr msg)
+{
@@ -149 +160,2 @@
-    const can_msgs::msg::Frame::ConstSharedPtr msg) {
+  const can_msgs::msg::Frame::ConstSharedPtr msg)
+{
@@ -156,2 +168,3 @@
-    RCLCPP_DEBUG(this-&gt;get_logger(), "Steering: %.2f rad",
-                 current_steering_angle_rad_);
+    RCLCPP_DEBUG(
+      this-&gt;get_logger(), "Steering: %.2f rad",
+      current_steering_angle_rad_);
@@ -166 +179,2 @@
-void VehicleInterfaceNode::onTimer() {
+void VehicleInterfaceNode::onTimer()
+{
@@ -170,3 +184,4 @@
-    RCLCPP_WARN_THROTTLE(this-&gt;get_logger(), *this-&gt;get_clock(), 1000,
-                         "Control command timeout (%.2f sec), stopping vehicle",
-                         elapsed);
+    RCLCPP_WARN_THROTTLE(
+      this-&gt;get_logger(), *this-&gt;get_clock(), 1000,
+      "Control command timeout (%.2f sec), stopping vehicle",
+      elapsed);
@@ -187 +202,2 @@
-void VehicleInterfaceNode::sendToVehicle() {
+void VehicleInterfaceNode::sendToVehicle()
+{
@@ -201 +217 @@
-      can_utils::encodeSteeringCommand(steering_angle, can_ids_);
+    can_utils::encodeSteeringCommand(steering_angle, can_ids_);
@@ -227 +243 @@
-      can_utils::encodeThrottleCommand(throttle_cmd, can_ids_);
+    can_utils::encodeThrottleCommand(throttle_cmd, can_ids_);
@@ -234 +250,2 @@
-void VehicleInterfaceNode::publishVehicleStatus() {
+void VehicleInterfaceNode::publishVehicleStatus()
+{
@@ -268,3 +285,3 @@
-    msg.mode = is_autonomous_mode_
-                   ? autoware_vehicle_msgs::msg::ControlModeReport::AUTONOMOUS
-                   : autoware_vehicle_msgs::msg::ControlModeReport::MANUAL;
+    msg.mode = is_autonomous_mode_ ?
+      autoware_vehicle_msgs::msg::ControlModeReport::AUTONOMOUS :
+      autoware_vehicle_msgs::msg::ControlModeReport::MANUAL;

5 files with code style divergence
-- run_test.py: return code 1
-- run_test.py: verify result file '/workspace/build/my_vehicle_interface/test_results/my_vehicle_interface/uncrustify.xunit.xml'
</Value>
				</Measurement>
			</Results>
			<Labels>
				<Label>linter</Label>
				<Label>uncrustify</Label>
			</Labels>
		</Test>
		<Test Status="passed">
			<Name>xmllint</Name>
			<Path>.</Path>
			<FullName>./xmllint</FullName>
			<FullCommandLine>/usr/bin/python3 "-u" "/opt/ros/humble/share/ament_cmake_test/cmake/run_test.py" "/workspace/build/my_vehicle_interface/test_results/my_vehicle_interface/xmllint.xunit.xml" "--package-name" "my_vehicle_interface" "--output-file" "/workspace/build/my_vehicle_interface/ament_xmllint/xmllint.txt" "--command" "/opt/ros/humble/bin/ament_xmllint" "--xunit-file" "/workspace/build/my_vehicle_interface/test_results/my_vehicle_interface/xmllint.xunit.xml"</FullCommandLine>
			<Results>
				<NamedMeasurement type="numeric/double" name="Execution Time">
					<Value>0.765019</Value>
				</NamedMeasurement>
				<NamedMeasurement type="numeric/double" name="Processors">
					<Value>1</Value>
				</NamedMeasurement>
				<NamedMeasurement type="text/string" name="Completion Status">
					<Value>Completed</Value>
				</NamedMeasurement>
				<NamedMeasurement type="text/string" name="Command Line">
					<Value>/usr/bin/python3 "-u" "/opt/ros/humble/share/ament_cmake_test/cmake/run_test.py" "/workspace/build/my_vehicle_interface/test_results/my_vehicle_interface/xmllint.xunit.xml" "--package-name" "my_vehicle_interface" "--output-file" "/workspace/build/my_vehicle_interface/ament_xmllint/xmllint.txt" "--command" "/opt/ros/humble/bin/ament_xmllint" "--xunit-file" "/workspace/build/my_vehicle_interface/test_results/my_vehicle_interface/xmllint.xunit.xml"</Value>
				</NamedMeasurement>
				<NamedMeasurement type="text/string" name="Environment">
					<Value>#CTEST_RESOURCE_GROUP_COUNT=</Value>
				</NamedMeasurement>
				<Measurement>
					<Value>-- run_test.py: invoking following command in '/workspace/src/vehicle/external/my_vehicle_interface':
 - /opt/ros/humble/bin/ament_xmllint --xunit-file /workspace/build/my_vehicle_interface/test_results/my_vehicle_interface/xmllint.xunit.xml
File 'package.xml' is valid

File 'launch/vehicle_interface.launch.xml' is valid

No problems found
-- run_test.py: return code 0
-- run_test.py: verify result file '/workspace/build/my_vehicle_interface/test_results/my_vehicle_interface/xmllint.xunit.xml'
</Value>
				</Measurement>
			</Results>
			<Labels>
				<Label>linter</Label>
				<Label>xmllint</Label>
			</Labels>
		</Test>
		<EndDateTime>Feb 06 17:42 UTC</EndDateTime>
		<EndTestTime>1770399773</EndTestTime>
		<ElapsedMinutes>0</ElapsedMinutes>
	</Testing>
</Site>
