<?xml version="1.0" encoding="UTF-8"?>
<Site BuildName="(empty)"
	BuildStamp="20260206-1852-Experimental"
	Name="docker-desktop"
	Generator="ctest-3.22.1"
	CompilerName="/usr/bin/c++"
	CompilerVersion="11.4.0"
	OSName="Linux"
	Hostname="docker-desktop"
	OSRelease="6.10.14-linuxkit"
	OSVersion="#1 SMP Wed Sep  3 15:35:15 UTC 2025"
	OSPlatform="aarch64"
	Is64Bits="1"
	VendorString=""
	VendorID="Unknown Manufacturer"
	FamilyID="8"
	ModelID="0"
	ProcessorCacheSize="0"
	NumberOfLogicalCPU="8"
	NumberOfPhysicalCPU="1"
	TotalVirtualMemory="1023"
	TotalPhysicalMemory="3919"
	LogicalProcessorsPerPhysical="8"
	ProcessorClockFrequency="0"
	>
	<Testing>
		<StartDateTime>Feb 06 18:52 UTC</StartDateTime>
		<StartTestTime>1770403954</StartTestTime>
		<TestList>
			<Test>./copyright</Test>
			<Test>./cppcheck</Test>
			<Test>./cpplint</Test>
			<Test>./flake8</Test>
			<Test>./lint_cmake</Test>
			<Test>./pep257</Test>
			<Test>./uncrustify</Test>
			<Test>./xmllint</Test>
		</TestList>
		<Test Status="passed">
			<Name>copyright</Name>
			<Path>.</Path>
			<FullName>./copyright</FullName>
			<FullCommandLine>/usr/bin/python3 "-u" "/opt/ros/humble/share/ament_cmake_test/cmake/run_test.py" "/workspace/build/my_vehicle_interface/test_results/my_vehicle_interface/copyright.xunit.xml" "--package-name" "my_vehicle_interface" "--output-file" "/workspace/build/my_vehicle_interface/ament_copyright/copyright.txt" "--command" "/opt/ros/humble/bin/ament_copyright" "--xunit-file" "/workspace/build/my_vehicle_interface/test_results/my_vehicle_interface/copyright.xunit.xml"</FullCommandLine>
			<Results>
				<NamedMeasurement type="numeric/double" name="Execution Time">
					<Value>0.137429</Value>
				</NamedMeasurement>
				<NamedMeasurement type="numeric/double" name="Processors">
					<Value>1</Value>
				</NamedMeasurement>
				<NamedMeasurement type="text/string" name="Completion Status">
					<Value>Completed</Value>
				</NamedMeasurement>
				<NamedMeasurement type="text/string" name="Command Line">
					<Value>/usr/bin/python3 "-u" "/opt/ros/humble/share/ament_cmake_test/cmake/run_test.py" "/workspace/build/my_vehicle_interface/test_results/my_vehicle_interface/copyright.xunit.xml" "--package-name" "my_vehicle_interface" "--output-file" "/workspace/build/my_vehicle_interface/ament_copyright/copyright.txt" "--command" "/opt/ros/humble/bin/ament_copyright" "--xunit-file" "/workspace/build/my_vehicle_interface/test_results/my_vehicle_interface/copyright.xunit.xml"</Value>
				</NamedMeasurement>
				<NamedMeasurement type="text/string" name="Environment">
					<Value>#CTEST_RESOURCE_GROUP_COUNT=</Value>
				</NamedMeasurement>
				<Measurement>
					<Value>-- run_test.py: invoking following command in '/workspace/src/vehicle/external/my_vehicle_interface':
 - /opt/ros/humble/bin/ament_copyright --xunit-file /workspace/build/my_vehicle_interface/test_results/my_vehicle_interface/copyright.xunit.xml
No problems found, checked 5 files
-- run_test.py: return code 0
-- run_test.py: verify result file '/workspace/build/my_vehicle_interface/test_results/my_vehicle_interface/copyright.xunit.xml'
</Value>
				</Measurement>
			</Results>
			<Labels>
				<Label>copyright</Label>
				<Label>linter</Label>
			</Labels>
		</Test>
		<Test Status="passed">
			<Name>cppcheck</Name>
			<Path>.</Path>
			<FullName>./cppcheck</FullName>
			<FullCommandLine>/usr/bin/python3 "-u" "/opt/ros/humble/share/ament_cmake_test/cmake/run_test.py" "/workspace/build/my_vehicle_interface/test_results/my_vehicle_interface/cppcheck.xunit.xml" "--package-name" "my_vehicle_interface" "--output-file" "/workspace/build/my_vehicle_interface/ament_cppcheck/cppcheck.txt" "--command" "/opt/ros/humble/bin/ament_cppcheck" "--xunit-file" "/workspace/build/my_vehicle_interface/test_results/my_vehicle_interface/cppcheck.xunit.xml" "--include_dirs" "/workspace/src/vehicle/external/my_vehicle_interface/include"</FullCommandLine>
			<Results>
				<NamedMeasurement type="numeric/double" name="Execution Time">
					<Value>0.0754878</Value>
				</NamedMeasurement>
				<NamedMeasurement type="numeric/double" name="Processors">
					<Value>1</Value>
				</NamedMeasurement>
				<NamedMeasurement type="text/string" name="Completion Status">
					<Value>Completed</Value>
				</NamedMeasurement>
				<NamedMeasurement type="text/string" name="Command Line">
					<Value>/usr/bin/python3 "-u" "/opt/ros/humble/share/ament_cmake_test/cmake/run_test.py" "/workspace/build/my_vehicle_interface/test_results/my_vehicle_interface/cppcheck.xunit.xml" "--package-name" "my_vehicle_interface" "--output-file" "/workspace/build/my_vehicle_interface/ament_cppcheck/cppcheck.txt" "--command" "/opt/ros/humble/bin/ament_cppcheck" "--xunit-file" "/workspace/build/my_vehicle_interface/test_results/my_vehicle_interface/cppcheck.xunit.xml" "--include_dirs" "/workspace/src/vehicle/external/my_vehicle_interface/include"</Value>
				</NamedMeasurement>
				<NamedMeasurement type="text/string" name="Environment">
					<Value>#CTEST_RESOURCE_GROUP_COUNT=</Value>
				</NamedMeasurement>
				<Measurement>
					<Value>-- run_test.py: invoking following command in '/workspace/src/vehicle/external/my_vehicle_interface':
 - /opt/ros/humble/bin/ament_cppcheck --xunit-file /workspace/build/my_vehicle_interface/test_results/my_vehicle_interface/cppcheck.xunit.xml --include_dirs /workspace/src/vehicle/external/my_vehicle_interface/include
cppcheck 2.7 has known performance issues and therefore will not be used, set the AMENT_CPPCHECK_ALLOW_SLOW_VERSIONS environment variable to override this.
-- run_test.py: return code 0
-- run_test.py: verify result file '/workspace/build/my_vehicle_interface/test_results/my_vehicle_interface/cppcheck.xunit.xml'
</Value>
				</Measurement>
			</Results>
			<Labels>
				<Label>cppcheck</Label>
				<Label>linter</Label>
			</Labels>
		</Test>
		<Test Status="failed">
			<Name>cpplint</Name>
			<Path>.</Path>
			<FullName>./cpplint</FullName>
			<FullCommandLine>/usr/bin/python3 "-u" "/opt/ros/humble/share/ament_cmake_test/cmake/run_test.py" "/workspace/build/my_vehicle_interface/test_results/my_vehicle_interface/cpplint.xunit.xml" "--package-name" "my_vehicle_interface" "--output-file" "/workspace/build/my_vehicle_interface/ament_cpplint/cpplint.txt" "--command" "/opt/ros/humble/bin/ament_cpplint" "--xunit-file" "/workspace/build/my_vehicle_interface/test_results/my_vehicle_interface/cpplint.xunit.xml"</FullCommandLine>
			<Results>
				<NamedMeasurement type="text/string" name="Exit Code">
					<Value>Failed</Value>
				</NamedMeasurement>
				<NamedMeasurement type="text/string" name="Exit Value">
					<Value>1</Value>
				</NamedMeasurement>
				<NamedMeasurement type="numeric/double" name="Execution Time">
					<Value>0.51954</Value>
				</NamedMeasurement>
				<NamedMeasurement type="numeric/double" name="Processors">
					<Value>1</Value>
				</NamedMeasurement>
				<NamedMeasurement type="text/string" name="Completion Status">
					<Value>Completed</Value>
				</NamedMeasurement>
				<NamedMeasurement type="text/string" name="Command Line">
					<Value>/usr/bin/python3 "-u" "/opt/ros/humble/share/ament_cmake_test/cmake/run_test.py" "/workspace/build/my_vehicle_interface/test_results/my_vehicle_interface/cpplint.xunit.xml" "--package-name" "my_vehicle_interface" "--output-file" "/workspace/build/my_vehicle_interface/ament_cpplint/cpplint.txt" "--command" "/opt/ros/humble/bin/ament_cpplint" "--xunit-file" "/workspace/build/my_vehicle_interface/test_results/my_vehicle_interface/cpplint.xunit.xml"</Value>
				</NamedMeasurement>
				<NamedMeasurement type="text/string" name="Environment">
					<Value>#CTEST_RESOURCE_GROUP_COUNT=</Value>
				</NamedMeasurement>
				<Measurement>
					<Value>-- run_test.py: invoking following command in '/workspace/src/vehicle/external/my_vehicle_interface':
 - /opt/ros/humble/bin/ament_cpplint --xunit-file /workspace/build/my_vehicle_interface/test_results/my_vehicle_interface/cpplint.xunit.xml
/workspace/src/vehicle/external/my_vehicle_interface/include/my_vehicle_interface/can_utils.hpp:34:  At least two spaces is best between code and comments  [whitespace/comments] [2]
/workspace/src/vehicle/external/my_vehicle_interface/include/my_vehicle_interface/can_utils.hpp:36:  At least two spaces is best between code and comments  [whitespace/comments] [2]
/workspace/src/vehicle/external/my_vehicle_interface/include/my_vehicle_interface/can_utils.hpp:40:  At least two spaces is best between code and comments  [whitespace/comments] [2]
/workspace/src/vehicle/external/my_vehicle_interface/include/my_vehicle_interface/can_utils.hpp:119:  At least two spaces is best between code and comments  [whitespace/comments] [2]
/workspace/src/vehicle/external/my_vehicle_interface/include/my_vehicle_interface/can_utils.hpp:120:  At least two spaces is best between code and comments  [whitespace/comments] [2]
/workspace/src/vehicle/external/my_vehicle_interface/include/my_vehicle_interface/can_utils.hpp:122:  At least two spaces is best between code and comments  [whitespace/comments] [2]
/workspace/src/vehicle/external/my_vehicle_interface/include/my_vehicle_interface/vehicle_interface_node.hpp:143:  At least two spaces is best between code and comments  [whitespace/comments] [2]
/workspace/src/vehicle/external/my_vehicle_interface/include/my_vehicle_interface/vehicle_interface_node.hpp:145:  At least two spaces is best between code and comments  [whitespace/comments] [2]
/workspace/src/vehicle/external/my_vehicle_interface/src/can_utils.cpp:147:  At least two spaces is best between code and comments  [whitespace/comments] [2]
/workspace/src/vehicle/external/my_vehicle_interface/src/can_utils.cpp:148:  At least two spaces is best between code and comments  [whitespace/comments] [2]
/workspace/src/vehicle/external/my_vehicle_interface/src/vehicle_interface_node.cpp:272:  At least two spaces is best between code and comments  [whitespace/comments] [2]
/workspace/src/vehicle/external/my_vehicle_interface/src/vehicle_interface_node.cpp:319:  At least two spaces is best between code and comments  [whitespace/comments] [2]
Category 'whitespace/comments' errors found: 12
Total errors found: 12
Using '--root=/workspace/src/vehicle/external/my_vehicle_interface/include' argument

Done processing /workspace/src/vehicle/external/my_vehicle_interface/include/my_vehicle_interface/can_utils.hpp

Done processing /workspace/src/vehicle/external/my_vehicle_interface/include/my_vehicle_interface/vehicle_interface_node.hpp

Using '--root=/workspace/src/vehicle/external/my_vehicle_interface/src' argument

Done processing /workspace/src/vehicle/external/my_vehicle_interface/src/can_utils.cpp

Done processing /workspace/src/vehicle/external/my_vehicle_interface/src/main.cpp

Done processing /workspace/src/vehicle/external/my_vehicle_interface/src/vehicle_interface_node.cpp

-- run_test.py: return code 1
-- run_test.py: verify result file '/workspace/build/my_vehicle_interface/test_results/my_vehicle_interface/cpplint.xunit.xml'
</Value>
				</Measurement>
			</Results>
			<Labels>
				<Label>cpplint</Label>
				<Label>linter</Label>
			</Labels>
		</Test>
		<Test Status="passed">
			<Name>flake8</Name>
			<Path>.</Path>
			<FullName>./flake8</FullName>
			<FullCommandLine>/usr/bin/python3 "-u" "/opt/ros/humble/share/ament_cmake_test/cmake/run_test.py" "/workspace/build/my_vehicle_interface/test_results/my_vehicle_interface/flake8.xunit.xml" "--package-name" "my_vehicle_interface" "--output-file" "/workspace/build/my_vehicle_interface/ament_flake8/flake8.txt" "--command" "/opt/ros/humble/bin/ament_flake8" "--xunit-file" "/workspace/build/my_vehicle_interface/test_results/my_vehicle_interface/flake8.xunit.xml"</FullCommandLine>
			<Results>
				<NamedMeasurement type="numeric/double" name="Execution Time">
					<Value>0.195714</Value>
				</NamedMeasurement>
				<NamedMeasurement type="numeric/double" name="Processors">
					<Value>1</Value>
				</NamedMeasurement>
				<NamedMeasurement type="text/string" name="Completion Status">
					<Value>Completed</Value>
				</NamedMeasurement>
				<NamedMeasurement type="text/string" name="Command Line">
					<Value>/usr/bin/python3 "-u" "/opt/ros/humble/share/ament_cmake_test/cmake/run_test.py" "/workspace/build/my_vehicle_interface/test_results/my_vehicle_interface/flake8.xunit.xml" "--package-name" "my_vehicle_interface" "--output-file" "/workspace/build/my_vehicle_interface/ament_flake8/flake8.txt" "--command" "/opt/ros/humble/bin/ament_flake8" "--xunit-file" "/workspace/build/my_vehicle_interface/test_results/my_vehicle_interface/flake8.xunit.xml"</Value>
				</NamedMeasurement>
				<NamedMeasurement type="text/string" name="Environment">
					<Value>#CTEST_RESOURCE_GROUP_COUNT=</Value>
				</NamedMeasurement>
				<Measurement>
					<Value>-- run_test.py: invoking following command in '/workspace/src/vehicle/external/my_vehicle_interface':
 - /opt/ros/humble/bin/ament_flake8 --xunit-file /workspace/build/my_vehicle_interface/test_results/my_vehicle_interface/flake8.xunit.xml

0 files checked
No problems found

Checked files:

-- run_test.py: return code 0
-- run_test.py: verify result file '/workspace/build/my_vehicle_interface/test_results/my_vehicle_interface/flake8.xunit.xml'
</Value>
				</Measurement>
			</Results>
			<Labels>
				<Label>flake8</Label>
				<Label>linter</Label>
			</Labels>
		</Test>
		<Test Status="passed">
			<Name>lint_cmake</Name>
			<Path>.</Path>
			<FullName>./lint_cmake</FullName>
			<FullCommandLine>/usr/bin/python3 "-u" "/opt/ros/humble/share/ament_cmake_test/cmake/run_test.py" "/workspace/build/my_vehicle_interface/test_results/my_vehicle_interface/lint_cmake.xunit.xml" "--package-name" "my_vehicle_interface" "--output-file" "/workspace/build/my_vehicle_interface/ament_lint_cmake/lint_cmake.txt" "--command" "/opt/ros/humble/bin/ament_lint_cmake" "--xunit-file" "/workspace/build/my_vehicle_interface/test_results/my_vehicle_interface/lint_cmake.xunit.xml"</FullCommandLine>
			<Results>
				<NamedMeasurement type="numeric/double" name="Execution Time">
					<Value>0.06754</Value>
				</NamedMeasurement>
				<NamedMeasurement type="numeric/double" name="Processors">
					<Value>1</Value>
				</NamedMeasurement>
				<NamedMeasurement type="text/string" name="Completion Status">
					<Value>Completed</Value>
				</NamedMeasurement>
				<NamedMeasurement type="text/string" name="Command Line">
					<Value>/usr/bin/python3 "-u" "/opt/ros/humble/share/ament_cmake_test/cmake/run_test.py" "/workspace/build/my_vehicle_interface/test_results/my_vehicle_interface/lint_cmake.xunit.xml" "--package-name" "my_vehicle_interface" "--output-file" "/workspace/build/my_vehicle_interface/ament_lint_cmake/lint_cmake.txt" "--command" "/opt/ros/humble/bin/ament_lint_cmake" "--xunit-file" "/workspace/build/my_vehicle_interface/test_results/my_vehicle_interface/lint_cmake.xunit.xml"</Value>
				</NamedMeasurement>
				<NamedMeasurement type="text/string" name="Environment">
					<Value>#CTEST_RESOURCE_GROUP_COUNT=</Value>
				</NamedMeasurement>
				<Measurement>
					<Value>-- run_test.py: invoking following command in '/workspace/src/vehicle/external/my_vehicle_interface':
 - /opt/ros/humble/bin/ament_lint_cmake --xunit-file /workspace/build/my_vehicle_interface/test_results/my_vehicle_interface/lint_cmake.xunit.xml

No problems found
-- run_test.py: return code 0
-- run_test.py: verify result file '/workspace/build/my_vehicle_interface/test_results/my_vehicle_interface/lint_cmake.xunit.xml'
</Value>
				</Measurement>
			</Results>
			<Labels>
				<Label>lint_cmake</Label>
				<Label>linter</Label>
			</Labels>
		</Test>
		<Test Status="passed">
			<Name>pep257</Name>
			<Path>.</Path>
			<FullName>./pep257</FullName>
			<FullCommandLine>/usr/bin/python3 "-u" "/opt/ros/humble/share/ament_cmake_test/cmake/run_test.py" "/workspace/build/my_vehicle_interface/test_results/my_vehicle_interface/pep257.xunit.xml" "--package-name" "my_vehicle_interface" "--output-file" "/workspace/build/my_vehicle_interface/ament_pep257/pep257.txt" "--command" "/opt/ros/humble/bin/ament_pep257" "--xunit-file" "/workspace/build/my_vehicle_interface/test_results/my_vehicle_interface/pep257.xunit.xml"</FullCommandLine>
			<Results>
				<NamedMeasurement type="numeric/double" name="Execution Time">
					<Value>0.0932013</Value>
				</NamedMeasurement>
				<NamedMeasurement type="numeric/double" name="Processors">
					<Value>1</Value>
				</NamedMeasurement>
				<NamedMeasurement type="text/string" name="Completion Status">
					<Value>Completed</Value>
				</NamedMeasurement>
				<NamedMeasurement type="text/string" name="Command Line">
					<Value>/usr/bin/python3 "-u" "/opt/ros/humble/share/ament_cmake_test/cmake/run_test.py" "/workspace/build/my_vehicle_interface/test_results/my_vehicle_interface/pep257.xunit.xml" "--package-name" "my_vehicle_interface" "--output-file" "/workspace/build/my_vehicle_interface/ament_pep257/pep257.txt" "--command" "/opt/ros/humble/bin/ament_pep257" "--xunit-file" "/workspace/build/my_vehicle_interface/test_results/my_vehicle_interface/pep257.xunit.xml"</Value>
				</NamedMeasurement>
				<NamedMeasurement type="text/string" name="Environment">
					<Value>#CTEST_RESOURCE_GROUP_COUNT=</Value>
				</NamedMeasurement>
				<Measurement>
					<Value>-- run_test.py: invoking following command in '/workspace/src/vehicle/external/my_vehicle_interface':
 - /opt/ros/humble/bin/ament_pep257 --xunit-file /workspace/build/my_vehicle_interface/test_results/my_vehicle_interface/pep257.xunit.xml
No problems found
-- run_test.py: return code 0
-- run_test.py: verify result file '/workspace/build/my_vehicle_interface/test_results/my_vehicle_interface/pep257.xunit.xml'
</Value>
				</Measurement>
			</Results>
			<Labels>
				<Label>linter</Label>
				<Label>pep257</Label>
			</Labels>
		</Test>
		<Test Status="passed">
			<Name>uncrustify</Name>
			<Path>.</Path>
			<FullName>./uncrustify</FullName>
			<FullCommandLine>/usr/bin/python3 "-u" "/opt/ros/humble/share/ament_cmake_test/cmake/run_test.py" "/workspace/build/my_vehicle_interface/test_results/my_vehicle_interface/uncrustify.xunit.xml" "--package-name" "my_vehicle_interface" "--output-file" "/workspace/build/my_vehicle_interface/ament_uncrustify/uncrustify.txt" "--command" "/opt/ros/humble/bin/ament_uncrustify" "--xunit-file" "/workspace/build/my_vehicle_interface/test_results/my_vehicle_interface/uncrustify.xunit.xml"</FullCommandLine>
			<Results>
				<NamedMeasurement type="numeric/double" name="Execution Time">
					<Value>0.0825114</Value>
				</NamedMeasurement>
				<NamedMeasurement type="numeric/double" name="Processors">
					<Value>1</Value>
				</NamedMeasurement>
				<NamedMeasurement type="text/string" name="Completion Status">
					<Value>Completed</Value>
				</NamedMeasurement>
				<NamedMeasurement type="text/string" name="Command Line">
					<Value>/usr/bin/python3 "-u" "/opt/ros/humble/share/ament_cmake_test/cmake/run_test.py" "/workspace/build/my_vehicle_interface/test_results/my_vehicle_interface/uncrustify.xunit.xml" "--package-name" "my_vehicle_interface" "--output-file" "/workspace/build/my_vehicle_interface/ament_uncrustify/uncrustify.txt" "--command" "/opt/ros/humble/bin/ament_uncrustify" "--xunit-file" "/workspace/build/my_vehicle_interface/test_results/my_vehicle_interface/uncrustify.xunit.xml"</Value>
				</NamedMeasurement>
				<NamedMeasurement type="text/string" name="Environment">
					<Value>#CTEST_RESOURCE_GROUP_COUNT=</Value>
				</NamedMeasurement>
				<Measurement>
					<Value>-- run_test.py: invoking following command in '/workspace/src/vehicle/external/my_vehicle_interface':
 - /opt/ros/humble/bin/ament_uncrustify --xunit-file /workspace/build/my_vehicle_interface/test_results/my_vehicle_interface/uncrustify.xunit.xml
No code style divergence in file 'include/my_vehicle_interface/can_utils.hpp'

No code style divergence in file 'include/my_vehicle_interface/vehicle_interface_node.hpp'

No code style divergence in file 'src/can_utils.cpp'

No code style divergence in file 'src/main.cpp'

No code style divergence in file 'src/vehicle_interface_node.cpp'

No problems found
-- run_test.py: return code 0
-- run_test.py: verify result file '/workspace/build/my_vehicle_interface/test_results/my_vehicle_interface/uncrustify.xunit.xml'
</Value>
				</Measurement>
			</Results>
			<Labels>
				<Label>linter</Label>
				<Label>uncrustify</Label>
			</Labels>
		</Test>
		<Test Status="passed">
			<Name>xmllint</Name>
			<Path>.</Path>
			<FullName>./xmllint</FullName>
			<FullCommandLine>/usr/bin/python3 "-u" "/opt/ros/humble/share/ament_cmake_test/cmake/run_test.py" "/workspace/build/my_vehicle_interface/test_results/my_vehicle_interface/xmllint.xunit.xml" "--package-name" "my_vehicle_interface" "--output-file" "/workspace/build/my_vehicle_interface/ament_xmllint/xmllint.txt" "--command" "/opt/ros/humble/bin/ament_xmllint" "--xunit-file" "/workspace/build/my_vehicle_interface/test_results/my_vehicle_interface/xmllint.xunit.xml"</FullCommandLine>
			<Results>
				<NamedMeasurement type="numeric/double" name="Execution Time">
					<Value>1.21979</Value>
				</NamedMeasurement>
				<NamedMeasurement type="numeric/double" name="Processors">
					<Value>1</Value>
				</NamedMeasurement>
				<NamedMeasurement type="text/string" name="Completion Status">
					<Value>Completed</Value>
				</NamedMeasurement>
				<NamedMeasurement type="text/string" name="Command Line">
					<Value>/usr/bin/python3 "-u" "/opt/ros/humble/share/ament_cmake_test/cmake/run_test.py" "/workspace/build/my_vehicle_interface/test_results/my_vehicle_interface/xmllint.xunit.xml" "--package-name" "my_vehicle_interface" "--output-file" "/workspace/build/my_vehicle_interface/ament_xmllint/xmllint.txt" "--command" "/opt/ros/humble/bin/ament_xmllint" "--xunit-file" "/workspace/build/my_vehicle_interface/test_results/my_vehicle_interface/xmllint.xunit.xml"</Value>
				</NamedMeasurement>
				<NamedMeasurement type="text/string" name="Environment">
					<Value>#CTEST_RESOURCE_GROUP_COUNT=</Value>
				</NamedMeasurement>
				<Measurement>
					<Value>-- run_test.py: invoking following command in '/workspace/src/vehicle/external/my_vehicle_interface':
 - /opt/ros/humble/bin/ament_xmllint --xunit-file /workspace/build/my_vehicle_interface/test_results/my_vehicle_interface/xmllint.xunit.xml
File 'package.xml' is valid

File 'launch/vehicle_interface.launch.xml' is valid

No problems found
-- run_test.py: return code 0
-- run_test.py: verify result file '/workspace/build/my_vehicle_interface/test_results/my_vehicle_interface/xmllint.xunit.xml'
</Value>
				</Measurement>
			</Results>
			<Labels>
				<Label>linter</Label>
				<Label>xmllint</Label>
			</Labels>
		</Test>
		<EndDateTime>Feb 06 18:52 UTC</EndDateTime>
		<EndTestTime>1770403956</EndTestTime>
		<ElapsedMinutes>0</ElapsedMinutes>
	</Testing>
</Site>
