<?xml version="1.0" encoding="UTF-8"?>
<Site BuildName="(empty)"
	BuildStamp="20260206-1831-Experimental"
	Name="docker-desktop"
	Generator="ctest-3.22.1"
	CompilerName="/usr/bin/c++"
	CompilerVersion="11.4.0"
	OSName="Linux"
	Hostname="docker-desktop"
	OSRelease="6.10.14-linuxkit"
	OSVersion="#1 SMP Wed Sep  3 15:35:15 UTC 2025"
	OSPlatform="aarch64"
	Is64Bits="1"
	VendorString=""
	VendorID="Unknown Manufacturer"
	FamilyID="8"
	ModelID="0"
	ProcessorCacheSize="0"
	NumberOfLogicalCPU="8"
	NumberOfPhysicalCPU="1"
	TotalVirtualMemory="1023"
	TotalPhysicalMemory="3919"
	LogicalProcessorsPerPhysical="8"
	ProcessorClockFrequency="0"
	>
	<Testing>
		<StartDateTime>Feb 06 18:31 UTC</StartDateTime>
		<StartTestTime>1770402697</StartTestTime>
		<TestList>
			<Test>./copyright</Test>
			<Test>./cppcheck</Test>
			<Test>./cpplint</Test>
			<Test>./flake8</Test>
			<Test>./lint_cmake</Test>
			<Test>./pep257</Test>
			<Test>./uncrustify</Test>
			<Test>./xmllint</Test>
		</TestList>
		<Test Status="passed">
			<Name>copyright</Name>
			<Path>.</Path>
			<FullName>./copyright</FullName>
			<FullCommandLine>/usr/bin/python3 "-u" "/opt/ros/humble/share/ament_cmake_test/cmake/run_test.py" "/workspace/build/my_vehicle_interface/test_results/my_vehicle_interface/copyright.xunit.xml" "--package-name" "my_vehicle_interface" "--output-file" "/workspace/build/my_vehicle_interface/ament_copyright/copyright.txt" "--command" "/opt/ros/humble/bin/ament_copyright" "--xunit-file" "/workspace/build/my_vehicle_interface/test_results/my_vehicle_interface/copyright.xunit.xml"</FullCommandLine>
			<Results>
				<NamedMeasurement type="numeric/double" name="Execution Time">
					<Value>0.152374</Value>
				</NamedMeasurement>
				<NamedMeasurement type="numeric/double" name="Processors">
					<Value>1</Value>
				</NamedMeasurement>
				<NamedMeasurement type="text/string" name="Completion Status">
					<Value>Completed</Value>
				</NamedMeasurement>
				<NamedMeasurement type="text/string" name="Command Line">
					<Value>/usr/bin/python3 "-u" "/opt/ros/humble/share/ament_cmake_test/cmake/run_test.py" "/workspace/build/my_vehicle_interface/test_results/my_vehicle_interface/copyright.xunit.xml" "--package-name" "my_vehicle_interface" "--output-file" "/workspace/build/my_vehicle_interface/ament_copyright/copyright.txt" "--command" "/opt/ros/humble/bin/ament_copyright" "--xunit-file" "/workspace/build/my_vehicle_interface/test_results/my_vehicle_interface/copyright.xunit.xml"</Value>
				</NamedMeasurement>
				<NamedMeasurement type="text/string" name="Environment">
					<Value>#CTEST_RESOURCE_GROUP_COUNT=</Value>
				</NamedMeasurement>
				<Measurement>
					<Value>-- run_test.py: invoking following command in '/workspace/src/vehicle/external/my_vehicle_interface':
 - /opt/ros/humble/bin/ament_copyright --xunit-file /workspace/build/my_vehicle_interface/test_results/my_vehicle_interface/copyright.xunit.xml
No problems found, checked 6 files
-- run_test.py: return code 0
-- run_test.py: verify result file '/workspace/build/my_vehicle_interface/test_results/my_vehicle_interface/copyright.xunit.xml'
</Value>
				</Measurement>
			</Results>
			<Labels>
				<Label>copyright</Label>
				<Label>linter</Label>
			</Labels>
		</Test>
		<Test Status="passed">
			<Name>cppcheck</Name>
			<Path>.</Path>
			<FullName>./cppcheck</FullName>
			<FullCommandLine>/usr/bin/python3 "-u" "/opt/ros/humble/share/ament_cmake_test/cmake/run_test.py" "/workspace/build/my_vehicle_interface/test_results/my_vehicle_interface/cppcheck.xunit.xml" "--package-name" "my_vehicle_interface" "--output-file" "/workspace/build/my_vehicle_interface/ament_cppcheck/cppcheck.txt" "--command" "/opt/ros/humble/bin/ament_cppcheck" "--xunit-file" "/workspace/build/my_vehicle_interface/test_results/my_vehicle_interface/cppcheck.xunit.xml" "--include_dirs" "/workspace/src/vehicle/external/my_vehicle_interface/include"</FullCommandLine>
			<Results>
				<NamedMeasurement type="numeric/double" name="Execution Time">
					<Value>0.0761935</Value>
				</NamedMeasurement>
				<NamedMeasurement type="numeric/double" name="Processors">
					<Value>1</Value>
				</NamedMeasurement>
				<NamedMeasurement type="text/string" name="Completion Status">
					<Value>Completed</Value>
				</NamedMeasurement>
				<NamedMeasurement type="text/string" name="Command Line">
					<Value>/usr/bin/python3 "-u" "/opt/ros/humble/share/ament_cmake_test/cmake/run_test.py" "/workspace/build/my_vehicle_interface/test_results/my_vehicle_interface/cppcheck.xunit.xml" "--package-name" "my_vehicle_interface" "--output-file" "/workspace/build/my_vehicle_interface/ament_cppcheck/cppcheck.txt" "--command" "/opt/ros/humble/bin/ament_cppcheck" "--xunit-file" "/workspace/build/my_vehicle_interface/test_results/my_vehicle_interface/cppcheck.xunit.xml" "--include_dirs" "/workspace/src/vehicle/external/my_vehicle_interface/include"</Value>
				</NamedMeasurement>
				<NamedMeasurement type="text/string" name="Environment">
					<Value>#CTEST_RESOURCE_GROUP_COUNT=</Value>
				</NamedMeasurement>
				<Measurement>
					<Value>-- run_test.py: invoking following command in '/workspace/src/vehicle/external/my_vehicle_interface':
 - /opt/ros/humble/bin/ament_cppcheck --xunit-file /workspace/build/my_vehicle_interface/test_results/my_vehicle_interface/cppcheck.xunit.xml --include_dirs /workspace/src/vehicle/external/my_vehicle_interface/include
cppcheck 2.7 has known performance issues and therefore will not be used, set the AMENT_CPPCHECK_ALLOW_SLOW_VERSIONS environment variable to override this.
-- run_test.py: return code 0
-- run_test.py: verify result file '/workspace/build/my_vehicle_interface/test_results/my_vehicle_interface/cppcheck.xunit.xml'
</Value>
				</Measurement>
			</Results>
			<Labels>
				<Label>cppcheck</Label>
				<Label>linter</Label>
			</Labels>
		</Test>
		<Test Status="failed">
			<Name>cpplint</Name>
			<Path>.</Path>
			<FullName>./cpplint</FullName>
			<FullCommandLine>/usr/bin/python3 "-u" "/opt/ros/humble/share/ament_cmake_test/cmake/run_test.py" "/workspace/build/my_vehicle_interface/test_results/my_vehicle_interface/cpplint.xunit.xml" "--package-name" "my_vehicle_interface" "--output-file" "/workspace/build/my_vehicle_interface/ament_cpplint/cpplint.txt" "--command" "/opt/ros/humble/bin/ament_cpplint" "--xunit-file" "/workspace/build/my_vehicle_interface/test_results/my_vehicle_interface/cpplint.xunit.xml"</FullCommandLine>
			<Results>
				<NamedMeasurement type="text/string" name="Exit Code">
					<Value>Failed</Value>
				</NamedMeasurement>
				<NamedMeasurement type="text/string" name="Exit Value">
					<Value>1</Value>
				</NamedMeasurement>
				<NamedMeasurement type="numeric/double" name="Execution Time">
					<Value>0.50205</Value>
				</NamedMeasurement>
				<NamedMeasurement type="numeric/double" name="Processors">
					<Value>1</Value>
				</NamedMeasurement>
				<NamedMeasurement type="text/string" name="Completion Status">
					<Value>Completed</Value>
				</NamedMeasurement>
				<NamedMeasurement type="text/string" name="Command Line">
					<Value>/usr/bin/python3 "-u" "/opt/ros/humble/share/ament_cmake_test/cmake/run_test.py" "/workspace/build/my_vehicle_interface/test_results/my_vehicle_interface/cpplint.xunit.xml" "--package-name" "my_vehicle_interface" "--output-file" "/workspace/build/my_vehicle_interface/ament_cpplint/cpplint.txt" "--command" "/opt/ros/humble/bin/ament_cpplint" "--xunit-file" "/workspace/build/my_vehicle_interface/test_results/my_vehicle_interface/cpplint.xunit.xml"</Value>
				</NamedMeasurement>
				<NamedMeasurement type="text/string" name="Environment">
					<Value>#CTEST_RESOURCE_GROUP_COUNT=</Value>
				</NamedMeasurement>
				<Measurement>
					<Value>-- run_test.py: invoking following command in '/workspace/src/vehicle/external/my_vehicle_interface':
 - /opt/ros/humble/bin/ament_cpplint --xunit-file /workspace/build/my_vehicle_interface/test_results/my_vehicle_interface/cpplint.xunit.xml
/workspace/src/vehicle/external/my_vehicle_interface/include/my_vehicle_interface/can_utils.hpp:31:  At least two spaces is best between code and comments  [whitespace/comments] [2]
/workspace/src/vehicle/external/my_vehicle_interface/include/my_vehicle_interface/can_utils.hpp:33:  At least two spaces is best between code and comments  [whitespace/comments] [2]
/workspace/src/vehicle/external/my_vehicle_interface/include/my_vehicle_interface/can_utils.hpp:37:  At least two spaces is best between code and comments  [whitespace/comments] [2]
/workspace/src/vehicle/external/my_vehicle_interface/include/my_vehicle_interface/can_utils.hpp:113:  At least two spaces is best between code and comments  [whitespace/comments] [2]
/workspace/src/vehicle/external/my_vehicle_interface/include/my_vehicle_interface/can_utils.hpp:114:  At least two spaces is best between code and comments  [whitespace/comments] [2]
/workspace/src/vehicle/external/my_vehicle_interface/include/my_vehicle_interface/can_utils.hpp:116:  At least two spaces is best between code and comments  [whitespace/comments] [2]
/workspace/src/vehicle/external/my_vehicle_interface/include/my_vehicle_interface/vehicle_interface_node.hpp:141:  At least two spaces is best between code and comments  [whitespace/comments] [2]
/workspace/src/vehicle/external/my_vehicle_interface/include/my_vehicle_interface/vehicle_interface_node.hpp:143:  At least two spaces is best between code and comments  [whitespace/comments] [2]
/workspace/src/vehicle/external/my_vehicle_interface/src/can_utils.cpp:137:  At least two spaces is best between code and comments  [whitespace/comments] [2]
/workspace/src/vehicle/external/my_vehicle_interface/src/can_utils.cpp:138:  At least two spaces is best between code and comments  [whitespace/comments] [2]
/workspace/src/vehicle/external/my_vehicle_interface/src/vehicle_interface_node.cpp:255:  At least two spaces is best between code and comments  [whitespace/comments] [2]
/workspace/src/vehicle/external/my_vehicle_interface/src/vehicle_interface_node.cpp:302:  At least two spaces is best between code and comments  [whitespace/comments] [2]
Category 'whitespace/comments' errors found: 12
Total errors found: 12
Using '--root=/workspace/src/vehicle/external/my_vehicle_interface/include' argument

Done processing /workspace/src/vehicle/external/my_vehicle_interface/include/my_vehicle_interface/can_utils.hpp

Done processing /workspace/src/vehicle/external/my_vehicle_interface/include/my_vehicle_interface/vehicle_interface_node.hpp

Using '--root=/workspace/src/vehicle/external/my_vehicle_interface/src' argument

Done processing /workspace/src/vehicle/external/my_vehicle_interface/src/can_utils.cpp

Done processing /workspace/src/vehicle/external/my_vehicle_interface/src/main.cpp

Done processing /workspace/src/vehicle/external/my_vehicle_interface/src/vehicle_interface_node.cpp

-- run_test.py: return code 1
-- run_test.py: verify result file '/workspace/build/my_vehicle_interface/test_results/my_vehicle_interface/cpplint.xunit.xml'
</Value>
				</Measurement>
			</Results>
			<Labels>
				<Label>cpplint</Label>
				<Label>linter</Label>
			</Labels>
		</Test>
		<Test Status="passed">
			<Name>flake8</Name>
			<Path>.</Path>
			<FullName>./flake8</FullName>
			<FullCommandLine>/usr/bin/python3 "-u" "/opt/ros/humble/share/ament_cmake_test/cmake/run_test.py" "/workspace/build/my_vehicle_interface/test_results/my_vehicle_interface/flake8.xunit.xml" "--package-name" "my_vehicle_interface" "--output-file" "/workspace/build/my_vehicle_interface/ament_flake8/flake8.txt" "--command" "/opt/ros/humble/bin/ament_flake8" "--xunit-file" "/workspace/build/my_vehicle_interface/test_results/my_vehicle_interface/flake8.xunit.xml"</FullCommandLine>
			<Results>
				<NamedMeasurement type="numeric/double" name="Execution Time">
					<Value>0.219307</Value>
				</NamedMeasurement>
				<NamedMeasurement type="numeric/double" name="Processors">
					<Value>1</Value>
				</NamedMeasurement>
				<NamedMeasurement type="text/string" name="Completion Status">
					<Value>Completed</Value>
				</NamedMeasurement>
				<NamedMeasurement type="text/string" name="Command Line">
					<Value>/usr/bin/python3 "-u" "/opt/ros/humble/share/ament_cmake_test/cmake/run_test.py" "/workspace/build/my_vehicle_interface/test_results/my_vehicle_interface/flake8.xunit.xml" "--package-name" "my_vehicle_interface" "--output-file" "/workspace/build/my_vehicle_interface/ament_flake8/flake8.txt" "--command" "/opt/ros/humble/bin/ament_flake8" "--xunit-file" "/workspace/build/my_vehicle_interface/test_results/my_vehicle_interface/flake8.xunit.xml"</Value>
				</NamedMeasurement>
				<NamedMeasurement type="text/string" name="Environment">
					<Value>#CTEST_RESOURCE_GROUP_COUNT=</Value>
				</NamedMeasurement>
				<Measurement>
					<Value>-- run_test.py: invoking following command in '/workspace/src/vehicle/external/my_vehicle_interface':
 - /opt/ros/humble/bin/ament_flake8 --xunit-file /workspace/build/my_vehicle_interface/test_results/my_vehicle_interface/flake8.xunit.xml

1 files checked
No problems found

Checked files:

* ./test/test_can_simulation.py
-- run_test.py: return code 0
-- run_test.py: verify result file '/workspace/build/my_vehicle_interface/test_results/my_vehicle_interface/flake8.xunit.xml'
</Value>
				</Measurement>
			</Results>
			<Labels>
				<Label>flake8</Label>
				<Label>linter</Label>
			</Labels>
		</Test>
		<Test Status="passed">
			<Name>lint_cmake</Name>
			<Path>.</Path>
			<FullName>./lint_cmake</FullName>
			<FullCommandLine>/usr/bin/python3 "-u" "/opt/ros/humble/share/ament_cmake_test/cmake/run_test.py" "/workspace/build/my_vehicle_interface/test_results/my_vehicle_interface/lint_cmake.xunit.xml" "--package-name" "my_vehicle_interface" "--output-file" "/workspace/build/my_vehicle_interface/ament_lint_cmake/lint_cmake.txt" "--command" "/opt/ros/humble/bin/ament_lint_cmake" "--xunit-file" "/workspace/build/my_vehicle_interface/test_results/my_vehicle_interface/lint_cmake.xunit.xml"</FullCommandLine>
			<Results>
				<NamedMeasurement type="numeric/double" name="Execution Time">
					<Value>0.0686448</Value>
				</NamedMeasurement>
				<NamedMeasurement type="numeric/double" name="Processors">
					<Value>1</Value>
				</NamedMeasurement>
				<NamedMeasurement type="text/string" name="Completion Status">
					<Value>Completed</Value>
				</NamedMeasurement>
				<NamedMeasurement type="text/string" name="Command Line">
					<Value>/usr/bin/python3 "-u" "/opt/ros/humble/share/ament_cmake_test/cmake/run_test.py" "/workspace/build/my_vehicle_interface/test_results/my_vehicle_interface/lint_cmake.xunit.xml" "--package-name" "my_vehicle_interface" "--output-file" "/workspace/build/my_vehicle_interface/ament_lint_cmake/lint_cmake.txt" "--command" "/opt/ros/humble/bin/ament_lint_cmake" "--xunit-file" "/workspace/build/my_vehicle_interface/test_results/my_vehicle_interface/lint_cmake.xunit.xml"</Value>
				</NamedMeasurement>
				<NamedMeasurement type="text/string" name="Environment">
					<Value>#CTEST_RESOURCE_GROUP_COUNT=</Value>
				</NamedMeasurement>
				<Measurement>
					<Value>-- run_test.py: invoking following command in '/workspace/src/vehicle/external/my_vehicle_interface':
 - /opt/ros/humble/bin/ament_lint_cmake --xunit-file /workspace/build/my_vehicle_interface/test_results/my_vehicle_interface/lint_cmake.xunit.xml

No problems found
-- run_test.py: return code 0
-- run_test.py: verify result file '/workspace/build/my_vehicle_interface/test_results/my_vehicle_interface/lint_cmake.xunit.xml'
</Value>
				</Measurement>
			</Results>
			<Labels>
				<Label>lint_cmake</Label>
				<Label>linter</Label>
			</Labels>
		</Test>
		<Test Status="failed">
			<Name>pep257</Name>
			<Path>.</Path>
			<FullName>./pep257</FullName>
			<FullCommandLine>/usr/bin/python3 "-u" "/opt/ros/humble/share/ament_cmake_test/cmake/run_test.py" "/workspace/build/my_vehicle_interface/test_results/my_vehicle_interface/pep257.xunit.xml" "--package-name" "my_vehicle_interface" "--output-file" "/workspace/build/my_vehicle_interface/ament_pep257/pep257.txt" "--command" "/opt/ros/humble/bin/ament_pep257" "--xunit-file" "/workspace/build/my_vehicle_interface/test_results/my_vehicle_interface/pep257.xunit.xml"</FullCommandLine>
			<Results>
				<NamedMeasurement type="text/string" name="Exit Code">
					<Value>Failed</Value>
				</NamedMeasurement>
				<NamedMeasurement type="text/string" name="Exit Value">
					<Value>1</Value>
				</NamedMeasurement>
				<NamedMeasurement type="numeric/double" name="Execution Time">
					<Value>0.0994693</Value>
				</NamedMeasurement>
				<NamedMeasurement type="numeric/double" name="Processors">
					<Value>1</Value>
				</NamedMeasurement>
				<NamedMeasurement type="text/string" name="Completion Status">
					<Value>Completed</Value>
				</NamedMeasurement>
				<NamedMeasurement type="text/string" name="Command Line">
					<Value>/usr/bin/python3 "-u" "/opt/ros/humble/share/ament_cmake_test/cmake/run_test.py" "/workspace/build/my_vehicle_interface/test_results/my_vehicle_interface/pep257.xunit.xml" "--package-name" "my_vehicle_interface" "--output-file" "/workspace/build/my_vehicle_interface/ament_pep257/pep257.txt" "--command" "/opt/ros/humble/bin/ament_pep257" "--xunit-file" "/workspace/build/my_vehicle_interface/test_results/my_vehicle_interface/pep257.xunit.xml"</Value>
				</NamedMeasurement>
				<NamedMeasurement type="text/string" name="Environment">
					<Value>#CTEST_RESOURCE_GROUP_COUNT=</Value>
				</NamedMeasurement>
				<Measurement>
					<Value>-- run_test.py: invoking following command in '/workspace/src/vehicle/external/my_vehicle_interface':
 - /opt/ros/humble/bin/ament_pep257 --xunit-file /workspace/build/my_vehicle_interface/test_results/my_vehicle_interface/pep257.xunit.xml
checking ./test/test_can_simulation.py
./test/test_can_simulation.py:15 at module level: D213: Multi-line docstring summary should start at the second line
1 errors
-- run_test.py: return code 1
-- run_test.py: verify result file '/workspace/build/my_vehicle_interface/test_results/my_vehicle_interface/pep257.xunit.xml'
</Value>
				</Measurement>
			</Results>
			<Labels>
				<Label>linter</Label>
				<Label>pep257</Label>
			</Labels>
		</Test>
		<Test Status="failed">
			<Name>uncrustify</Name>
			<Path>.</Path>
			<FullName>./uncrustify</FullName>
			<FullCommandLine>/usr/bin/python3 "-u" "/opt/ros/humble/share/ament_cmake_test/cmake/run_test.py" "/workspace/build/my_vehicle_interface/test_results/my_vehicle_interface/uncrustify.xunit.xml" "--package-name" "my_vehicle_interface" "--output-file" "/workspace/build/my_vehicle_interface/ament_uncrustify/uncrustify.txt" "--command" "/opt/ros/humble/bin/ament_uncrustify" "--xunit-file" "/workspace/build/my_vehicle_interface/test_results/my_vehicle_interface/uncrustify.xunit.xml"</FullCommandLine>
			<Results>
				<NamedMeasurement type="text/string" name="Exit Code">
					<Value>Failed</Value>
				</NamedMeasurement>
				<NamedMeasurement type="text/string" name="Exit Value">
					<Value>1</Value>
				</NamedMeasurement>
				<NamedMeasurement type="numeric/double" name="Execution Time">
					<Value>0.102664</Value>
				</NamedMeasurement>
				<NamedMeasurement type="numeric/double" name="Processors">
					<Value>1</Value>
				</NamedMeasurement>
				<NamedMeasurement type="text/string" name="Completion Status">
					<Value>Completed</Value>
				</NamedMeasurement>
				<NamedMeasurement type="text/string" name="Command Line">
					<Value>/usr/bin/python3 "-u" "/opt/ros/humble/share/ament_cmake_test/cmake/run_test.py" "/workspace/build/my_vehicle_interface/test_results/my_vehicle_interface/uncrustify.xunit.xml" "--package-name" "my_vehicle_interface" "--output-file" "/workspace/build/my_vehicle_interface/ament_uncrustify/uncrustify.txt" "--command" "/opt/ros/humble/bin/ament_uncrustify" "--xunit-file" "/workspace/build/my_vehicle_interface/test_results/my_vehicle_interface/uncrustify.xunit.xml"</Value>
				</NamedMeasurement>
				<NamedMeasurement type="text/string" name="Environment">
					<Value>#CTEST_RESOURCE_GROUP_COUNT=</Value>
				</NamedMeasurement>
				<Measurement>
					<Value>-- run_test.py: invoking following command in '/workspace/src/vehicle/external/my_vehicle_interface':
 - /opt/ros/humble/bin/ament_uncrustify --xunit-file /workspace/build/my_vehicle_interface/test_results/my_vehicle_interface/uncrustify.xunit.xml
Code style divergence in file 'include/my_vehicle_interface/can_utils.hpp':

--- include/my_vehicle_interface/can_utils.hpp
+++ include/my_vehicle_interface/can_utils.hpp.uncrustify
@@ -23,2 +23,4 @@
-namespace my_vehicle_interface {
-namespace can_utils {
+namespace my_vehicle_interface
+{
+namespace can_utils
+{
@@ -29 +31,2 @@
-struct CanIds {
+struct CanIds
+{
@@ -50,2 +53,3 @@
-can_msgs::msg::Frame encodeSteeringCommand(double steering_angle_rad,
-                                           const CanIds &amp;can_ids);
+can_msgs::msg::Frame encodeSteeringCommand(
+  double steering_angle_rad,
+  const CanIds &amp; can_ids);
@@ -59,2 +63,3 @@
-can_msgs::msg::Frame encodeBrakeCommand(double brake_value,
-                                        const CanIds &amp;can_ids);
+can_msgs::msg::Frame encodeBrakeCommand(
+  double brake_value,
+  const CanIds &amp; can_ids);
@@ -68,2 +73,3 @@
-can_msgs::msg::Frame encodeThrottleCommand(double throttle_value,
-                                           const CanIds &amp;can_ids);
+can_msgs::msg::Frame encodeThrottleCommand(
+  double throttle_value,
+  const CanIds &amp; can_ids);
@@ -80 +86 @@
-double decodeSpeedSensor(const can_msgs::msg::Frame &amp;frame);
+double decodeSpeedSensor(const can_msgs::msg::Frame &amp; frame);
@@ -87 +93 @@
-double decodeSteeringFeedback(const can_msgs::msg::Frame &amp;frame);
+double decodeSteeringFeedback(const can_msgs::msg::Frame &amp; frame);
@@ -96 +102 @@
-inline double degToRad(double deg) { return deg * 0.017453292519943295; }
+inline double degToRad(double deg) {return deg * 0.017453292519943295;}
@@ -101 +107 @@
-inline double radToDeg(double rad) { return rad * 57.29577951308232; }
+inline double radToDeg(double rad) {return rad * 57.29577951308232;}
@@ -106 +112 @@
-inline double hmhToMs(double hmh) { return hmh * 0.027777777777777776; }
+inline double hmhToMs(double hmh) {return hmh * 0.027777777777777776;}
@@ -111 +117 @@
-inline double msToHmh(double ms) { return ms * 36.0; }
+inline double msToHmh(double ms) {return ms * 36.0;}

Code style divergence in file 'include/my_vehicle_interface/vehicle_interface_node.hpp':

--- include/my_vehicle_interface/vehicle_interface_node.hpp
+++ include/my_vehicle_interface/vehicle_interface_node.hpp.uncrustify
@@ -38 +38,2 @@
-namespace my_vehicle_interface {
+namespace my_vehicle_interface
+{
@@ -40 +41,2 @@
-class VehicleInterfaceNode : public rclcpp::Node {
+class VehicleInterfaceNode : public rclcpp::Node
+{
@@ -42 +44 @@
-  explicit VehicleInterfaceNode(const rclcpp::NodeOptions &amp;options);
+  explicit VehicleInterfaceNode(const rclcpp::NodeOptions &amp; options);
@@ -53,2 +55,2 @@
-      const autoware_vehicle_msgs::msg::TurnIndicatorsCommand::ConstSharedPtr
-          msg);
+    const autoware_vehicle_msgs::msg::TurnIndicatorsCommand::ConstSharedPtr
+    msg);
@@ -56,2 +58,2 @@
-      const autoware_vehicle_msgs::msg::HazardLightsCommand::ConstSharedPtr
-          msg);
+    const autoware_vehicle_msgs::msg::HazardLightsCommand::ConstSharedPtr
+    msg);
@@ -79 +81 @@
-      control_cmd_sub_;
+    control_cmd_sub_;
@@ -81 +83 @@
-      gear_cmd_sub_;
+    gear_cmd_sub_;
@@ -83 +85 @@
-      SharedPtr turn_indicators_cmd_sub_;
+  SharedPtr turn_indicators_cmd_sub_;
@@ -85 +87 @@
-      SharedPtr hazard_lights_cmd_sub_;
+  SharedPtr hazard_lights_cmd_sub_;
@@ -94 +96 @@
-      velocity_report_pub_;
+    velocity_report_pub_;
@@ -96 +98 @@
-      steering_report_pub_;
+    steering_report_pub_;
@@ -98 +100 @@
-      gear_report_pub_;
+    gear_report_pub_;
@@ -100 +102 @@
-      control_mode_report_pub_;
+    control_mode_report_pub_;
@@ -102 +104 @@
-      turn_indicators_report_pub_;
+    turn_indicators_report_pub_;
@@ -104 +106 @@
-      hazard_lights_report_pub_;
+    hazard_lights_report_pub_;
@@ -120 +122 @@
-      turn_indicators_cmd_ptr_;
+    turn_indicators_cmd_ptr_;
@@ -122 +124 @@
-      hazard_lights_cmd_ptr_;
+    hazard_lights_cmd_ptr_;

Code style divergence in file 'src/can_utils.cpp':

--- src/can_utils.cpp
+++ src/can_utils.cpp.uncrustify
@@ -20,2 +20,4 @@
-namespace my_vehicle_interface {
-namespace can_utils {
+namespace my_vehicle_interface
+{
+namespace can_utils
+{
@@ -27,2 +29,4 @@
-can_msgs::msg::Frame encodeSteeringCommand(double steering_angle_rad,
-                                           const CanIds &amp;can_ids) {
+can_msgs::msg::Frame encodeSteeringCommand(
+  double steering_angle_rad,
+  const CanIds &amp; can_ids)
+{
@@ -57,2 +61,4 @@
-can_msgs::msg::Frame encodeBrakeCommand(double brake_value,
-                                        const CanIds &amp;can_ids) {
+can_msgs::msg::Frame encodeBrakeCommand(
+  double brake_value,
+  const CanIds &amp; can_ids)
+{
@@ -83,2 +89,4 @@
-can_msgs::msg::Frame encodeThrottleCommand(double throttle_value,
-                                           const CanIds &amp;can_ids) {
+can_msgs::msg::Frame encodeThrottleCommand(
+  double throttle_value,
+  const CanIds &amp; can_ids)
+{
@@ -113 +121,2 @@
-double decodeSpeedSensor(const can_msgs::msg::Frame &amp;frame) {
+double decodeSpeedSensor(const can_msgs::msg::Frame &amp; frame)
+{
@@ -117 +126 @@
-                       (static_cast&lt;uint16_t&gt;(frame.data[1]) &lt;&lt; 8);
+    (static_cast&lt;uint16_t&gt;(frame.data[1]) &lt;&lt; 8);
@@ -126 +135,2 @@
-double decodeSteeringFeedback(const can_msgs::msg::Frame &amp;frame) {
+double decodeSteeringFeedback(const can_msgs::msg::Frame &amp; frame)
+{
@@ -129 +139 @@
-                         (static_cast&lt;int16_t&gt;(frame.data[1]) &lt;&lt; 8);
+    (static_cast&lt;int16_t&gt;(frame.data[1]) &lt;&lt; 8);

Code style divergence in file 'src/main.cpp':

--- src/main.cpp
+++ src/main.cpp.uncrustify
@@ -20 +20,2 @@
-int main(int argc, char *argv[]) {
+int main(int argc, char * argv[])
+{
@@ -25 +26 @@
-      std::make_shared&lt;my_vehicle_interface::VehicleInterfaceNode&gt;(options);
+    std::make_shared&lt;my_vehicle_interface::VehicleInterfaceNode&gt;(options);
@@ -27,2 +28,3 @@
-  RCLCPP_INFO(node-&gt;get_logger(),
-              "SDC 2026 Kart Vehicle Interface starting...");
+  RCLCPP_INFO(
+    node-&gt;get_logger(),
+    "SDC 2026 Kart Vehicle Interface starting...");

Code style divergence in file 'src/vehicle_interface_node.cpp':

--- src/vehicle_interface_node.cpp
+++ src/vehicle_interface_node.cpp.uncrustify
@@ -20 +20,2 @@
-namespace my_vehicle_interface {
+namespace my_vehicle_interface
+{
@@ -25,2 +26,3 @@
-VehicleInterfaceNode::VehicleInterfaceNode(const rclcpp::NodeOptions &amp;options)
-    : Node("vehicle_interface_node", options) {
+VehicleInterfaceNode::VehicleInterfaceNode(const rclcpp::NodeOptions &amp; options)
+: Node("vehicle_interface_node", options)
+{
@@ -35 +37 @@
-      static_cast&lt;uint32_t&gt;(this-&gt;declare_parameter("steering_can_id", 0x100));
+    static_cast&lt;uint32_t&gt;(this-&gt;declare_parameter("steering_can_id", 0x100));
@@ -37 +39 @@
-      static_cast&lt;uint32_t&gt;(this-&gt;declare_parameter("brake_can_id", 0x101));
+    static_cast&lt;uint32_t&gt;(this-&gt;declare_parameter("brake_can_id", 0x101));
@@ -39 +41 @@
-      static_cast&lt;uint32_t&gt;(this-&gt;declare_parameter("throttle_can_id", 0x102));
+    static_cast&lt;uint32_t&gt;(this-&gt;declare_parameter("throttle_can_id", 0x102));
@@ -41 +43 @@
-      static_cast&lt;uint32_t&gt;(this-&gt;declare_parameter("speed_can_id", 0x200));
+    static_cast&lt;uint32_t&gt;(this-&gt;declare_parameter("speed_can_id", 0x200));
@@ -43 +45 @@
-      this-&gt;declare_parameter("steering_feedback_can_id", 0x201));
+    this-&gt;declare_parameter("steering_feedback_can_id", 0x201));
@@ -47,8 +49,12 @@
-  RCLCPP_INFO(this-&gt;get_logger(), "  Steering CAN ID: 0x%X",
-              can_ids_.steering_command);
-  RCLCPP_INFO(this-&gt;get_logger(), "  Brake CAN ID: 0x%X",
-              can_ids_.brake_command);
-  RCLCPP_INFO(this-&gt;get_logger(), "  Throttle CAN ID: 0x%X",
-              can_ids_.throttle_command);
-  RCLCPP_INFO(this-&gt;get_logger(), "  Speed sensor CAN ID: 0x%X",
-              can_ids_.speed_sensor);
+  RCLCPP_INFO(
+    this-&gt;get_logger(), "  Steering CAN ID: 0x%X",
+    can_ids_.steering_command);
+  RCLCPP_INFO(
+    this-&gt;get_logger(), "  Brake CAN ID: 0x%X",
+    can_ids_.brake_command);
+  RCLCPP_INFO(
+    this-&gt;get_logger(), "  Throttle CAN ID: 0x%X",
+    can_ids_.throttle_command);
+  RCLCPP_INFO(
+    this-&gt;get_logger(), "  Speed sensor CAN ID: 0x%X",
+    can_ids_.speed_sensor);
@@ -60,3 +66,3 @@
-      this-&gt;create_subscription&lt;autoware_control_msgs::msg::Control&gt;(
-          "/control/command/control_cmd", rclcpp::QoS{1},
-          std::bind(&amp;VehicleInterfaceNode::onControlCmd, this, _1));
+    this-&gt;create_subscription&lt;autoware_control_msgs::msg::Control&gt;(
+    "/control/command/control_cmd", rclcpp::QoS{1},
+    std::bind(&amp;VehicleInterfaceNode::onControlCmd, this, _1));
@@ -65,3 +71,3 @@
-      this-&gt;create_subscription&lt;autoware_vehicle_msgs::msg::GearCommand&gt;(
-          "/control/command/gear_cmd", rclcpp::QoS{1},
-          std::bind(&amp;VehicleInterfaceNode::onGearCmd, this, _1));
+    this-&gt;create_subscription&lt;autoware_vehicle_msgs::msg::GearCommand&gt;(
+    "/control/command/gear_cmd", rclcpp::QoS{1},
+    std::bind(&amp;VehicleInterfaceNode::onGearCmd, this, _1));
@@ -70,3 +76,3 @@
-      autoware_vehicle_msgs::msg::TurnIndicatorsCommand&gt;(
-      "/control/command/turn_indicators_cmd", rclcpp::QoS{1},
-      std::bind(&amp;VehicleInterfaceNode::onTurnIndicatorsCmd, this, _1));
+    autoware_vehicle_msgs::msg::TurnIndicatorsCommand&gt;(
+    "/control/command/turn_indicators_cmd", rclcpp::QoS{1},
+    std::bind(&amp;VehicleInterfaceNode::onTurnIndicatorsCmd, this, _1));
@@ -75,3 +81,3 @@
-      autoware_vehicle_msgs::msg::HazardLightsCommand&gt;(
-      "/control/command/hazard_lights_cmd", rclcpp::QoS{1},
-      std::bind(&amp;VehicleInterfaceNode::onHazardLightsCmd, this, _1));
+    autoware_vehicle_msgs::msg::HazardLightsCommand&gt;(
+    "/control/command/hazard_lights_cmd", rclcpp::QoS{1},
+    std::bind(&amp;VehicleInterfaceNode::onHazardLightsCmd, this, _1));
@@ -81,2 +87,2 @@
-      "/from_can_bus", rclcpp::QoS{100},
-      std::bind(&amp;VehicleInterfaceNode::onCanFrame, this, _1));
+    "/from_can_bus", rclcpp::QoS{100},
+    std::bind(&amp;VehicleInterfaceNode::onCanFrame, this, _1));
@@ -88,2 +94,2 @@
-      this-&gt;create_publisher&lt;autoware_vehicle_msgs::msg::VelocityReport&gt;(
-          "/vehicle/status/velocity_status", rclcpp::QoS{1});
+    this-&gt;create_publisher&lt;autoware_vehicle_msgs::msg::VelocityReport&gt;(
+    "/vehicle/status/velocity_status", rclcpp::QoS{1});
@@ -92,2 +98,2 @@
-      this-&gt;create_publisher&lt;autoware_vehicle_msgs::msg::SteeringReport&gt;(
-          "/vehicle/status/steering_status", rclcpp::QoS{1});
+    this-&gt;create_publisher&lt;autoware_vehicle_msgs::msg::SteeringReport&gt;(
+    "/vehicle/status/steering_status", rclcpp::QoS{1});
@@ -96,2 +102,2 @@
-      this-&gt;create_publisher&lt;autoware_vehicle_msgs::msg::GearReport&gt;(
-          "/vehicle/status/gear_status", rclcpp::QoS{1});
+    this-&gt;create_publisher&lt;autoware_vehicle_msgs::msg::GearReport&gt;(
+    "/vehicle/status/gear_status", rclcpp::QoS{1});
@@ -100,2 +106,2 @@
-      this-&gt;create_publisher&lt;autoware_vehicle_msgs::msg::ControlModeReport&gt;(
-          "/vehicle/status/control_mode", rclcpp::QoS{1});
+    this-&gt;create_publisher&lt;autoware_vehicle_msgs::msg::ControlModeReport&gt;(
+    "/vehicle/status/control_mode", rclcpp::QoS{1});
@@ -104,2 +110,2 @@
-      this-&gt;create_publisher&lt;autoware_vehicle_msgs::msg::TurnIndicatorsReport&gt;(
-          "/vehicle/status/turn_indicators_status", rclcpp::QoS{1});
+    this-&gt;create_publisher&lt;autoware_vehicle_msgs::msg::TurnIndicatorsReport&gt;(
+    "/vehicle/status/turn_indicators_status", rclcpp::QoS{1});
@@ -108,2 +114,2 @@
-      this-&gt;create_publisher&lt;autoware_vehicle_msgs::msg::HazardLightsReport&gt;(
-          "/vehicle/status/hazard_lights_status", rclcpp::QoS{1});
+    this-&gt;create_publisher&lt;autoware_vehicle_msgs::msg::HazardLightsReport&gt;(
+    "/vehicle/status/hazard_lights_status", rclcpp::QoS{1});
@@ -113 +119 @@
-      "/to_can_bus", rclcpp::QoS{100});
+    "/to_can_bus", rclcpp::QoS{100});
@@ -120,2 +126,2 @@
-      std::chrono::duration_cast&lt;std::chrono::nanoseconds&gt;(timer_period),
-      std::bind(&amp;VehicleInterfaceNode::onTimer, this));
+    std::chrono::duration_cast&lt;std::chrono::nanoseconds&gt;(timer_period),
+    std::bind(&amp;VehicleInterfaceNode::onTimer, this));
@@ -125,2 +131,3 @@
-  RCLCPP_INFO(this-&gt;get_logger(),
-              "Vehicle Interface Node initialized successfully!");
+  RCLCPP_INFO(
+    this-&gt;get_logger(),
+    "Vehicle Interface Node initialized successfully!");
@@ -134 +141,2 @@
-    const autoware_control_msgs::msg::Control::ConstSharedPtr msg) {
+  const autoware_control_msgs::msg::Control::ConstSharedPtr msg)
+{
@@ -140 +148,2 @@
-    const autoware_vehicle_msgs::msg::GearCommand::ConstSharedPtr msg) {
+  const autoware_vehicle_msgs::msg::GearCommand::ConstSharedPtr msg)
+{
@@ -145,2 +154,3 @@
-    const autoware_vehicle_msgs::msg::TurnIndicatorsCommand::ConstSharedPtr
-        msg) {
+  const autoware_vehicle_msgs::msg::TurnIndicatorsCommand::ConstSharedPtr
+  msg)
+{
@@ -151 +161,2 @@
-    const autoware_vehicle_msgs::msg::HazardLightsCommand::ConstSharedPtr msg) {
+  const autoware_vehicle_msgs::msg::HazardLightsCommand::ConstSharedPtr msg)
+{
@@ -160 +171,2 @@
-    const can_msgs::msg::Frame::ConstSharedPtr msg) {
+  const can_msgs::msg::Frame::ConstSharedPtr msg)
+{
@@ -167,2 +179,3 @@
-    RCLCPP_DEBUG(this-&gt;get_logger(), "Steering: %.2f rad",
-                 current_steering_angle_rad_);
+    RCLCPP_DEBUG(
+      this-&gt;get_logger(), "Steering: %.2f rad",
+      current_steering_angle_rad_);
@@ -177 +190,2 @@
-void VehicleInterfaceNode::onTimer() {
+void VehicleInterfaceNode::onTimer()
+{
@@ -181,3 +195,4 @@
-    RCLCPP_WARN_THROTTLE(this-&gt;get_logger(), *this-&gt;get_clock(), 1000,
-                         "Control command timeout (%.2f sec), stopping vehicle",
-                         elapsed);
+    RCLCPP_WARN_THROTTLE(
+      this-&gt;get_logger(), *this-&gt;get_clock(), 1000,
+      "Control command timeout (%.2f sec), stopping vehicle",
+      elapsed);
@@ -198 +213,2 @@
-void VehicleInterfaceNode::sendToVehicle() {
+void VehicleInterfaceNode::sendToVehicle()
+{
@@ -212 +228 @@
-      can_utils::encodeSteeringCommand(steering_angle, can_ids_);
+    can_utils::encodeSteeringCommand(steering_angle, can_ids_);
@@ -238 +254 @@
-      can_utils::encodeThrottleCommand(throttle_cmd, can_ids_);
+    can_utils::encodeThrottleCommand(throttle_cmd, can_ids_);
@@ -245 +261,2 @@
-void VehicleInterfaceNode::publishVehicleStatus() {
+void VehicleInterfaceNode::publishVehicleStatus()
+{
@@ -279,3 +296,3 @@
-    msg.mode = is_autonomous_mode_
-                   ? autoware_vehicle_msgs::msg::ControlModeReport::AUTONOMOUS
-                   : autoware_vehicle_msgs::msg::ControlModeReport::MANUAL;
+    msg.mode = is_autonomous_mode_ ?
+      autoware_vehicle_msgs::msg::ControlModeReport::AUTONOMOUS :
+      autoware_vehicle_msgs::msg::ControlModeReport::MANUAL;

5 files with code style divergence
-- run_test.py: return code 1
-- run_test.py: verify result file '/workspace/build/my_vehicle_interface/test_results/my_vehicle_interface/uncrustify.xunit.xml'
</Value>
				</Measurement>
			</Results>
			<Labels>
				<Label>linter</Label>
				<Label>uncrustify</Label>
			</Labels>
		</Test>
		<Test Status="passed">
			<Name>xmllint</Name>
			<Path>.</Path>
			<FullName>./xmllint</FullName>
			<FullCommandLine>/usr/bin/python3 "-u" "/opt/ros/humble/share/ament_cmake_test/cmake/run_test.py" "/workspace/build/my_vehicle_interface/test_results/my_vehicle_interface/xmllint.xunit.xml" "--package-name" "my_vehicle_interface" "--output-file" "/workspace/build/my_vehicle_interface/ament_xmllint/xmllint.txt" "--command" "/opt/ros/humble/bin/ament_xmllint" "--xunit-file" "/workspace/build/my_vehicle_interface/test_results/my_vehicle_interface/xmllint.xunit.xml"</FullCommandLine>
			<Results>
				<NamedMeasurement type="numeric/double" name="Execution Time">
					<Value>0.445356</Value>
				</NamedMeasurement>
				<NamedMeasurement type="numeric/double" name="Processors">
					<Value>1</Value>
				</NamedMeasurement>
				<NamedMeasurement type="text/string" name="Completion Status">
					<Value>Completed</Value>
				</NamedMeasurement>
				<NamedMeasurement type="text/string" name="Command Line">
					<Value>/usr/bin/python3 "-u" "/opt/ros/humble/share/ament_cmake_test/cmake/run_test.py" "/workspace/build/my_vehicle_interface/test_results/my_vehicle_interface/xmllint.xunit.xml" "--package-name" "my_vehicle_interface" "--output-file" "/workspace/build/my_vehicle_interface/ament_xmllint/xmllint.txt" "--command" "/opt/ros/humble/bin/ament_xmllint" "--xunit-file" "/workspace/build/my_vehicle_interface/test_results/my_vehicle_interface/xmllint.xunit.xml"</Value>
				</NamedMeasurement>
				<NamedMeasurement type="text/string" name="Environment">
					<Value>#CTEST_RESOURCE_GROUP_COUNT=</Value>
				</NamedMeasurement>
				<Measurement>
					<Value>-- run_test.py: invoking following command in '/workspace/src/vehicle/external/my_vehicle_interface':
 - /opt/ros/humble/bin/ament_xmllint --xunit-file /workspace/build/my_vehicle_interface/test_results/my_vehicle_interface/xmllint.xunit.xml
File 'package.xml' is valid

File 'launch/vehicle_interface.launch.xml' is valid

No problems found
-- run_test.py: return code 0
-- run_test.py: verify result file '/workspace/build/my_vehicle_interface/test_results/my_vehicle_interface/xmllint.xunit.xml'
</Value>
				</Measurement>
			</Results>
			<Labels>
				<Label>linter</Label>
				<Label>xmllint</Label>
			</Labels>
		</Test>
		<EndDateTime>Feb 06 18:31 UTC</EndDateTime>
		<EndTestTime>1770402699</EndTestTime>
		<ElapsedMinutes>0</ElapsedMinutes>
	</Testing>
</Site>
